{"/workspace/PanCancerAwareApp/frontend/src/App.vue": {"path":"/workspace/PanCancerAwareApp/frontend/src/App.vue","statementMap":{"0":{"start":{"line":3,"column":29},"end":{"line":3,"column":146}},"1":{"start":{"line":4,"column":0},"end":{"line":6,"column":3}},"2":{"start":{"line":7,"column":0},"end":{"line":7,"column":25}},"3":{"start":{"line":8,"column":14},"end":{"line":8,"column":79}},"4":{"start":{"line":9,"column":14},"end":{"line":9,"column":79}},"5":{"start":{"line":10,"column":15},"end":{"line":15,"column":1}},"6":{"start":{"line":16,"column":0},"end":{"line":16,"column":13}},"7":{"start":{"line":18,"column":0},"end":{"line":20,"column":3}},"8":{"start":{"line":21,"column":0},"end":{"line":21,"column":24}},"9":{"start":{"line":22,"column":11},"end":{"line":22,"column":25}},"10":{"start":{"line":23,"column":19},"end":{"line":25,"column":1}},"11":{"start":{"line":27,"column":28},"end":{"line":27,"column":64}},"12":{"start":{"line":28,"column":33},"end":{"line":28,"column":74}},"13":{"start":{"line":29,"column":28},"end":{"line":29,"column":64}},"14":{"start":{"line":30,"column":2},"end":{"line":30,"column":259}},"15":{"start":{"line":31,"column":2},"end":{"line":31,"column":49}}},"fnMap":{"0":{"name":"render","decl":{"start":{"line":26,"column":9},"end":{"line":26,"column":15}},"loc":{"start":{"line":26,"column":30},"end":{"line":31,"column":1}},"line":26}},"branchMap":{},"s":{"0":0,"1":0,"2":0,"3":0,"4":0,"5":0,"6":0,"7":0,"8":0,"9":0,"10":0,"11":0,"12":0,"13":0,"14":0,"15":0},"f":{"0":0},"b":{},"inputSourceMap":{"0":"{","1":"\"","2":"v","3":"e","4":"r","5":"s","6":"i","7":"o","8":"n","9":"\"","10":":","11":"3","12":",","13":"\"","14":"s","15":"o","16":"u","17":"r","18":"c","19":"e","20":"s","21":"\"","22":":","23":"[","24":"\"","25":"/","26":"w","27":"o","28":"r","29":"k","30":"s","31":"p","32":"a","33":"c","34":"e","35":"/","36":"P","37":"a","38":"n","39":"C","40":"a","41":"n","42":"c","43":"e","44":"r","45":"A","46":"w","47":"a","48":"r","49":"e","50":"A","51":"p","52":"p","53":"/","54":"f","55":"r","56":"o","57":"n","58":"t","59":"e","60":"n","61":"d","62":"/","63":"s","64":"r","65":"c","66":"/","67":"A","68":"p","69":"p","70":".","71":"v","72":"u","73":"e","74":"\"","75":"]","76":",","77":"\"","78":"n","79":"a","80":"m","81":"e","82":"s","83":"\"","84":":","85":"[","86":"]","87":",","88":"\"","89":"m","90":"a","91":"p","92":"p","93":"i","94":"n","95":"g","96":"s","97":"\"","98":":","99":"\"","100":";","101":";","102":";","103":";","104":";","105":";","106":";","107":"A","108":"A","109":"W","110":"A","111":";","112":"A","113":"A","114":"C","115":"A","116":";","117":"A","118":"A","119":"A","120":"o","121":"D","122":",","123":"i","124":"C","125":"A","126":"E","127":"r","128":"C","129":";","130":"E","131":"A","132":"C","133":"b","134":",","135":"U","136":"A","137":"A","138":"U","139":",","140":"E","141":"A","142":"A","143":"E","144":";","145":"I","146":"A","147":"C","148":"V","149":",","150":"M","151":"A","152":"A","153":"M","154":",","155":"E","156":"A","157":"A","158":"N","159":",","160":"e","161":"A","162":"A","163":"M","164":";","165":"I","166":"A","167":"C","168":"N","169":",","170":"M","171":"A","172":"A","173":"M","174":",","175":"E","176":"A","177":"A","178":"N","179":";","180":"E","181":"A","182":"C","183":"F","184":";","185":"A","186":"A","187":"C","188":"F","189":",","190":"C","191":"A","192":"A","193":"C","194":"\"","195":",","196":"\"","197":"f","198":"i","199":"l","200":"e","201":"\"","202":":","203":"\"","204":"/","205":"w","206":"o","207":"r","208":"k","209":"s","210":"p","211":"a","212":"c","213":"e","214":"/","215":"P","216":"a","217":"n","218":"C","219":"a","220":"n","221":"c","222":"e","223":"r","224":"A","225":"w","226":"a","227":"r","228":"e","229":"A","230":"p","231":"p","232":"/","233":"f","234":"r","235":"o","236":"n","237":"t","238":"e","239":"n","240":"d","241":"/","242":"s","243":"r","244":"c","245":"/","246":"A","247":"p","248":"p","249":".","250":"v","251":"u","252":"e","253":"\"","254":",","255":"\"","256":"s","257":"o","258":"u","259":"r","260":"c","261":"e","262":"s","263":"C","264":"o","265":"n","266":"t","267":"e","268":"n","269":"t","270":"\"","271":":","272":"[","273":"\"","274":"<","275":"t","276":"e","277":"m","278":"p","279":"l","280":"a","281":"t","282":"e","283":">","284":"\\","285":"n","286":" ","287":" ","288":"<","289":"d","290":"i","291":"v","292":" ","293":"i","294":"d","295":"=","296":"\\","297":"\"","298":"a","299":"p","300":"p","301":"\\","302":"\"","303":">","304":"\\","305":"n","306":" ","307":" ","308":" ","309":" ","310":"<","311":"H","312":"e","313":"a","314":"d","315":"e","316":"r","317":" ","318":"/","319":">","320":"\\","321":"n","322":" ","323":" ","324":" ","325":" ","326":"<","327":"m","328":"a","329":"i","330":"n","331":">","332":"\\","333":"n","334":" ","335":" ","336":" ","337":" ","338":" ","339":" ","340":"<","341":"r","342":"o","343":"u","344":"t","345":"e","346":"r","347":"-","348":"v","349":"i","350":"e","351":"w","352":" ","353":"/","354":">","355":"\\","356":"n","357":" ","358":" ","359":" ","360":" ","361":"<","362":"/","363":"m","364":"a","365":"i","366":"n","367":">","368":"\\","369":"n","370":" ","371":" ","372":" ","373":" ","374":"<","375":"F","376":"o","377":"o","378":"t","379":"e","380":"r","381":" ","382":"/","383":">","384":"\\","385":"n","386":" ","387":" ","388":"<","389":"/","390":"d","391":"i","392":"v","393":">","394":"\\","395":"n","396":"<","397":"/","398":"t","399":"e","400":"m","401":"p","402":"l","403":"a","404":"t","405":"e","406":">","407":"\\","408":"n","409":"\\","410":"n","411":"<","412":"s","413":"c","414":"r","415":"i","416":"p","417":"t","418":">","419":"\\","420":"n","421":"i","422":"m","423":"p","424":"o","425":"r","426":"t","427":" ","428":"H","429":"e","430":"a","431":"d","432":"e","433":"r","434":" ","435":"f","436":"r","437":"o","438":"m","439":" ","440":"\\","441":"\"","442":".","443":"/","444":"c","445":"o","446":"m","447":"p","448":"o","449":"n","450":"e","451":"n","452":"t","453":"s","454":"/","455":"l","456":"a","457":"y","458":"o","459":"u","460":"t","461":"/","462":"H","463":"e","464":"a","465":"d","466":"e","467":"r","468":".","469":"v","470":"u","471":"e","472":"\\","473":"\"","474":";","475":"\\","476":"n","477":"i","478":"m","479":"p","480":"o","481":"r","482":"t","483":" ","484":"F","485":"o","486":"o","487":"t","488":"e","489":"r","490":" ","491":"f","492":"r","493":"o","494":"m","495":" ","496":"\\","497":"\"","498":".","499":"/","500":"c","501":"o","502":"m","503":"p","504":"o","505":"n","506":"e","507":"n","508":"t","509":"s","510":"/","511":"l","512":"a","513":"y","514":"o","515":"u","516":"t","517":"/","518":"F","519":"o","520":"o","521":"t","522":"e","523":"r","524":".","525":"v","526":"u","527":"e","528":"\\","529":"\"","530":";","531":"\\","532":"n","533":"\\","534":"n","535":"e","536":"x","537":"p","538":"o","539":"r","540":"t","541":" ","542":"d","543":"e","544":"f","545":"a","546":"u","547":"l","548":"t","549":" ","550":"{","551":"\\","552":"n","553":" ","554":" ","555":"c","556":"o","557":"m","558":"p","559":"o","560":"n","561":"e","562":"n","563":"t","564":"s","565":":","566":" ","567":"{","568":"\\","569":"n","570":" ","571":" ","572":" ","573":" ","574":"H","575":"e","576":"a","577":"d","578":"e","579":"r","580":",","581":"\\","582":"n","583":" ","584":" ","585":" ","586":" ","587":"F","588":"o","589":"o","590":"t","591":"e","592":"r","593":",","594":"\\","595":"n","596":" ","597":" ","598":"}","599":",","600":"\\","601":"n","602":"}","603":";","604":"\\","605":"n","606":"<","607":"/","608":"s","609":"c","610":"r","611":"i","612":"p","613":"t","614":">","615":"\\","616":"n","617":"\\","618":"n","619":"<","620":"s","621":"t","622":"y","623":"l","624":"e","625":" ","626":"s","627":"c","628":"o","629":"p","630":"e","631":"d","632":">","633":"\\","634":"n","635":"#","636":"a","637":"p","638":"p","639":" ","640":"{","641":"\\","642":"n","643":" ","644":" ","645":"d","646":"i","647":"s","648":"p","649":"l","650":"a","651":"y","652":":","653":" ","654":"f","655":"l","656":"e","657":"x","658":";","659":"\\","660":"n","661":" ","662":" ","663":"f","664":"l","665":"e","666":"x","667":"-","668":"d","669":"i","670":"r","671":"e","672":"c","673":"t","674":"i","675":"o","676":"n","677":":","678":" ","679":"c","680":"o","681":"l","682":"u","683":"m","684":"n","685":";","686":"\\","687":"n","688":" ","689":" ","690":"m","691":"i","692":"n","693":"-","694":"h","695":"e","696":"i","697":"g","698":"h","699":"t","700":":","701":" ","702":"1","703":"0","704":"0","705":"v","706":"h","707":";","708":"\\","709":"n","710":"}","711":"\\","712":"n","713":"\\","714":"n","715":"m","716":"a","717":"i","718":"n","719":" ","720":"{","721":"\\","722":"n","723":" ","724":" ","725":"f","726":"l","727":"e","728":"x","729":"-","730":"g","731":"r","732":"o","733":"w","734":":","735":" ","736":"1","737":";","738":"\\","739":"n","740":" ","741":" ","742":"p","743":"a","744":"d","745":"d","746":"i","747":"n","748":"g","749":":","750":" ","751":"2","752":"0","753":"p","754":"x","755":";","756":"\\","757":"n","758":"}","759":"\\","760":"n","761":"<","762":"/","763":"s","764":"t","765":"y","766":"l","767":"e","768":">","769":"\\","770":"n","771":"\"","772":"]","773":"}"}}
,"/workspace/PanCancerAwareApp/frontend/src/api/axios.js": {"path":"/workspace/PanCancerAwareApp/frontend/src/api/axios.js","statementMap":{"0":{"start":{"line":4,"column":18},"end":{"line":9,"column":2}},"1":{"start":{"line":11,"column":0},"end":{"line":17,"column":2}},"2":{"start":{"line":12,"column":14},"end":{"line":12,"column":22}},"3":{"start":{"line":14,"column":4},"end":{"line":14,"column":39}},"4":{"start":{"line":15,"column":4},"end":{"line":15,"column":33}}},"fnMap":{"0":{"name":"(anonymous_0)","decl":{"start":{"line":12,"column":2},"end":{"line":12,"column":3}},"loc":{"start":{"line":12,"column":14},"end":{"line":12,"column":22}},"line":12},"1":{"name":"(anonymous_1)","decl":{"start":{"line":13,"column":2},"end":{"line":13,"column":3}},"loc":{"start":{"line":13,"column":11},"end":{"line":16,"column":3}},"line":13}},"branchMap":{"0":{"loc":{"start":{"line":5,"column":11},"end":{"line":5,"column":69}},"type":"binary-expr","locations":[{"start":{"line":5,"column":11},"end":{"line":5,"column":38}},{"start":{"line":5,"column":42},"end":{"line":5,"column":69}}],"line":5}},"s":{"0":0,"1":0,"2":0,"3":0,"4":0},"f":{"0":0,"1":0},"b":{"0":[0,0]}}
,"/workspace/PanCancerAwareApp/frontend/src/components/HelloWorld.vue": {"path":"/workspace/PanCancerAwareApp/frontend/src/components/HelloWorld.vue","statementMap":{"0":{"start":{"line":3,"column":0},"end":{"line":5,"column":3}},"1":{"start":{"line":6,"column":0},"end":{"line":6,"column":25}},"2":{"start":{"line":7,"column":15},"end":{"line":12,"column":1}},"3":{"start":{"line":13,"column":0},"end":{"line":13,"column":13}},"4":{"start":{"line":15,"column":0},"end":{"line":17,"column":3}},"5":{"start":{"line":18,"column":0},"end":{"line":18,"column":24}},"6":{"start":{"line":19,"column":11},"end":{"line":19,"column":25}},"7":{"start":{"line":20,"column":19},"end":{"line":22,"column":1}},"8":{"start":{"line":24,"column":2},"end":{"line":24,"column":1776}},"9":{"start":{"line":25,"column":2},"end":{"line":25,"column":49}}},"fnMap":{"0":{"name":"render","decl":{"start":{"line":23,"column":9},"end":{"line":23,"column":15}},"loc":{"start":{"line":23,"column":30},"end":{"line":25,"column":1}},"line":23}},"branchMap":{"0":{"loc":{"start":{"line":24,"column":174},"end":{"line":24,"column":1773}},"type":"binary-expr","locations":[{"start":{"line":24,"column":174},"end":{"line":24,"column":183}},{"start":{"line":24,"column":188},"end":{"line":24,"column":1772}}],"line":24}},"s":{"0":0,"1":0,"2":0,"3":0,"4":0,"5":0,"6":0,"7":0,"8":0,"9":0},"f":{"0":0},"b":{"0":[0,0]},"inputSourceMap":{"0":"{","1":"\"","2":"v","3":"e","4":"r","5":"s","6":"i","7":"o","8":"n","9":"\"","10":":","11":"3","12":",","13":"\"","14":"s","15":"o","16":"u","17":"r","18":"c","19":"e","20":"s","21":"\"","22":":","23":"[","24":"\"","25":"/","26":"w","27":"o","28":"r","29":"k","30":"s","31":"p","32":"a","33":"c","34":"e","35":"/","36":"P","37":"a","38":"n","39":"C","40":"a","41":"n","42":"c","43":"e","44":"r","45":"A","46":"w","47":"a","48":"r","49":"e","50":"A","51":"p","52":"p","53":"/","54":"f","55":"r","56":"o","57":"n","58":"t","59":"e","60":"n","61":"d","62":"/","63":"s","64":"r","65":"c","66":"/","67":"c","68":"o","69":"m","70":"p","71":"o","72":"n","73":"e","74":"n","75":"t","76":"s","77":"/","78":"H","79":"e","80":"l","81":"l","82":"o","83":"W","84":"o","85":"r","86":"l","87":"d","88":".","89":"v","90":"u","91":"e","92":"\"","93":"]","94":",","95":"\"","96":"n","97":"a","98":"m","99":"e","100":"s","101":"\"","102":":","103":"[","104":"]","105":",","106":"\"","107":"m","108":"a","109":"p","110":"p","111":"i","112":"n","113":"g","114":"s","115":"\"","116":":","117":"\"","118":";","119":";","120":";","121":";","122":";","123":";","124":"i","125":"C","126":"A","127":"i","128":"C","129":"e","130":";","131":"E","132":"A","133":"C","134":"b","135":",","136":"I","137":"A","138":"A","139":"I","140":",","141":"E","142":"A","143":"A","144":"E","145":",","146":"Y","147":"A","148":"A","149":"Y","150":";","151":"E","152":"A","153":"C","154":"l","155":"B","156":",","157":"K","158":"A","159":"A","160":"K","161":",","162":"E","163":"A","164":"A","165":"E","166":";","167":"I","168":"A","169":"C","170":"L","171":",","172":"G","173":"A","174":"A","175":"G","176":",","177":"E","178":"A","179":"A","180":"E","181":";","182":"E","183":"A","184":"C","185":"P","186":";","187":"A","188":"A","189":"C","190":"F","191":",","192":"C","193":"A","194":"A","195":"C","196":"\"","197":",","198":"\"","199":"f","200":"i","201":"l","202":"e","203":"\"","204":":","205":"\"","206":"/","207":"w","208":"o","209":"r","210":"k","211":"s","212":"p","213":"a","214":"c","215":"e","216":"/","217":"P","218":"a","219":"n","220":"C","221":"a","222":"n","223":"c","224":"e","225":"r","226":"A","227":"w","228":"a","229":"r","230":"e","231":"A","232":"p","233":"p","234":"/","235":"f","236":"r","237":"o","238":"n","239":"t","240":"e","241":"n","242":"d","243":"/","244":"s","245":"r","246":"c","247":"/","248":"c","249":"o","250":"m","251":"p","252":"o","253":"n","254":"e","255":"n","256":"t","257":"s","258":"/","259":"H","260":"e","261":"l","262":"l","263":"o","264":"W","265":"o","266":"r","267":"l","268":"d","269":".","270":"v","271":"u","272":"e","273":"\"","274":",","275":"\"","276":"s","277":"o","278":"u","279":"r","280":"c","281":"e","282":"s","283":"C","284":"o","285":"n","286":"t","287":"e","288":"n","289":"t","290":"\"","291":":","292":"[","293":"\"","294":"<","295":"t","296":"e","297":"m","298":"p","299":"l","300":"a","301":"t","302":"e","303":">","304":"\\","305":"n","306":" ","307":" ","308":"<","309":"d","310":"i","311":"v","312":" ","313":"c","314":"l","315":"a","316":"s","317":"s","318":"=","319":"\\","320":"\"","321":"h","322":"e","323":"l","324":"l","325":"o","326":"\\","327":"\"","328":">","329":"\\","330":"n","331":" ","332":" ","333":" ","334":" ","335":"<","336":"h","337":"1","338":">","339":"{","340":"{","341":" ","342":"m","343":"s","344":"g","345":" ","346":"}","347":"}","348":"<","349":"/","350":"h","351":"1","352":">","353":"\\","354":"n","355":" ","356":" ","357":" ","358":" ","359":"<","360":"p","361":">","362":"\\","363":"n","364":" ","365":" ","366":" ","367":" ","368":" ","369":" ","370":"F","371":"o","372":"r","373":" ","374":"a","375":" ","376":"g","377":"u","378":"i","379":"d","380":"e","381":" ","382":"a","383":"n","384":"d","385":" ","386":"r","387":"e","388":"c","389":"i","390":"p","391":"e","392":"s","393":" ","394":"o","395":"n","396":" ","397":"h","398":"o","399":"w","400":" ","401":"t","402":"o","403":" ","404":"c","405":"o","406":"n","407":"f","408":"i","409":"g","410":"u","411":"r","412":"e","413":" ","414":"/","415":" ","416":"c","417":"u","418":"s","419":"t","420":"o","421":"m","422":"i","423":"z","424":"e","425":" ","426":"t","427":"h","428":"i","429":"s","430":" ","431":"p","432":"r","433":"o","434":"j","435":"e","436":"c","437":"t","438":",","439":"<","440":"b","441":"r","442":">","443":"\\","444":"n","445":" ","446":" ","447":" ","448":" ","449":" ","450":" ","451":"c","452":"h","453":"e","454":"c","455":"k","456":" ","457":"o","458":"u","459":"t","460":" ","461":"t","462":"h","463":"e","464":"\\","465":"n","466":" ","467":" ","468":" ","469":" ","470":" ","471":" ","472":"<","473":"a","474":" ","475":"h","476":"r","477":"e","478":"f","479":"=","480":"\\","481":"\"","482":"h","483":"t","484":"t","485":"p","486":"s","487":":","488":"/","489":"/","490":"c","491":"l","492":"i","493":".","494":"v","495":"u","496":"e","497":"j","498":"s","499":".","500":"o","501":"r","502":"g","503":"\\","504":"\"","505":" ","506":"t","507":"a","508":"r","509":"g","510":"e","511":"t","512":"=","513":"\\","514":"\"","515":"_","516":"b","517":"l","518":"a","519":"n","520":"k","521":"\\","522":"\"","523":" ","524":"r","525":"e","526":"l","527":"=","528":"\\","529":"\"","530":"n","531":"o","532":"o","533":"p","534":"e","535":"n","536":"e","537":"r","538":"\\","539":"\"","540":">","541":"v","542":"u","543":"e","544":"-","545":"c","546":"l","547":"i","548":" ","549":"d","550":"o","551":"c","552":"u","553":"m","554":"e","555":"n","556":"t","557":"a","558":"t","559":"i","560":"o","561":"n","562":"<","563":"/","564":"a","565":">","566":".","567":"\\","568":"n","569":" ","570":" ","571":" ","572":" ","573":"<","574":"/","575":"p","576":">","577":"\\","578":"n","579":" ","580":" ","581":" ","582":" ","583":"<","584":"h","585":"3","586":">","587":"I","588":"n","589":"s","590":"t","591":"a","592":"l","593":"l","594":"e","595":"d","596":" ","597":"C","598":"L","599":"I","600":" ","601":"P","602":"l","603":"u","604":"g","605":"i","606":"n","607":"s","608":"<","609":"/","610":"h","611":"3","612":">","613":"\\","614":"n","615":" ","616":" ","617":" ","618":" ","619":"<","620":"u","621":"l","622":">","623":"\\","624":"n","625":" ","626":" ","627":" ","628":" ","629":" ","630":" ","631":"<","632":"l","633":"i","634":">","635":"<","636":"a","637":" ","638":"h","639":"r","640":"e","641":"f","642":"=","643":"\\","644":"\"","645":"h","646":"t","647":"t","648":"p","649":"s","650":":","651":"/","652":"/","653":"g","654":"i","655":"t","656":"h","657":"u","658":"b","659":".","660":"c","661":"o","662":"m","663":"/","664":"v","665":"u","666":"e","667":"j","668":"s","669":"/","670":"v","671":"u","672":"e","673":"-","674":"c","675":"l","676":"i","677":"/","678":"t","679":"r","680":"e","681":"e","682":"/","683":"d","684":"e","685":"v","686":"/","687":"p","688":"a","689":"c","690":"k","691":"a","692":"g","693":"e","694":"s","695":"/","696":"%","697":"4","698":"0","699":"v","700":"u","701":"e","702":"/","703":"c","704":"l","705":"i","706":"-","707":"p","708":"l","709":"u","710":"g","711":"i","712":"n","713":"-","714":"b","715":"a","716":"b","717":"e","718":"l","719":"\\","720":"\"","721":" ","722":"t","723":"a","724":"r","725":"g","726":"e","727":"t","728":"=","729":"\\","730":"\"","731":"_","732":"b","733":"l","734":"a","735":"n","736":"k","737":"\\","738":"\"","739":" ","740":"r","741":"e","742":"l","743":"=","744":"\\","745":"\"","746":"n","747":"o","748":"o","749":"p","750":"e","751":"n","752":"e","753":"r","754":"\\","755":"\"","756":">","757":"b","758":"a","759":"b","760":"e","761":"l","762":"<","763":"/","764":"a","765":">","766":"<","767":"/","768":"l","769":"i","770":">","771":"\\","772":"n","773":" ","774":" ","775":" ","776":" ","777":" ","778":" ","779":"<","780":"l","781":"i","782":">","783":"<","784":"a","785":" ","786":"h","787":"r","788":"e","789":"f","790":"=","791":"\\","792":"\"","793":"h","794":"t","795":"t","796":"p","797":"s","798":":","799":"/","800":"/","801":"g","802":"i","803":"t","804":"h","805":"u","806":"b","807":".","808":"c","809":"o","810":"m","811":"/","812":"v","813":"u","814":"e","815":"j","816":"s","817":"/","818":"v","819":"u","820":"e","821":"-","822":"c","823":"l","824":"i","825":"/","826":"t","827":"r","828":"e","829":"e","830":"/","831":"d","832":"e","833":"v","834":"/","835":"p","836":"a","837":"c","838":"k","839":"a","840":"g","841":"e","842":"s","843":"/","844":"%","845":"4","846":"0","847":"v","848":"u","849":"e","850":"/","851":"c","852":"l","853":"i","854":"-","855":"p","856":"l","857":"u","858":"g","859":"i","860":"n","861":"-","862":"e","863":"s","864":"l","865":"i","866":"n","867":"t","868":"\\","869":"\"","870":" ","871":"t","872":"a","873":"r","874":"g","875":"e","876":"t","877":"=","878":"\\","879":"\"","880":"_","881":"b","882":"l","883":"a","884":"n","885":"k","886":"\\","887":"\"","888":" ","889":"r","890":"e","891":"l","892":"=","893":"\\","894":"\"","895":"n","896":"o","897":"o","898":"p","899":"e","900":"n","901":"e","902":"r","903":"\\","904":"\"","905":">","906":"e","907":"s","908":"l","909":"i","910":"n","911":"t","912":"<","913":"/","914":"a","915":">","916":"<","917":"/","918":"l","919":"i","920":">","921":"\\","922":"n","923":" ","924":" ","925":" ","926":" ","927":"<","928":"/","929":"u","930":"l","931":">","932":"\\","933":"n","934":" ","935":" ","936":" ","937":" ","938":"<","939":"h","940":"3","941":">","942":"E","943":"s","944":"s","945":"e","946":"n","947":"t","948":"i","949":"a","950":"l","951":" ","952":"L","953":"i","954":"n","955":"k","956":"s","957":"<","958":"/","959":"h","960":"3","961":">","962":"\\","963":"n","964":" ","965":" ","966":" ","967":" ","968":"<","969":"u","970":"l","971":">","972":"\\","973":"n","974":" ","975":" ","976":" ","977":" ","978":" ","979":" ","980":"<","981":"l","982":"i","983":">","984":"<","985":"a","986":" ","987":"h","988":"r","989":"e","990":"f","991":"=","992":"\\","993":"\"","994":"h","995":"t","996":"t","997":"p","998":"s","999":":","1000":"/","1001":"/","1002":"v","1003":"u","1004":"e","1005":"j","1006":"s","1007":".","1008":"o","1009":"r","1010":"g","1011":"\\","1012":"\"","1013":" ","1014":"t","1015":"a","1016":"r","1017":"g","1018":"e","1019":"t","1020":"=","1021":"\\","1022":"\"","1023":"_","1024":"b","1025":"l","1026":"a","1027":"n","1028":"k","1029":"\\","1030":"\"","1031":" ","1032":"r","1033":"e","1034":"l","1035":"=","1036":"\\","1037":"\"","1038":"n","1039":"o","1040":"o","1041":"p","1042":"e","1043":"n","1044":"e","1045":"r","1046":"\\","1047":"\"","1048":">","1049":"C","1050":"o","1051":"r","1052":"e","1053":" ","1054":"D","1055":"o","1056":"c","1057":"s","1058":"<","1059":"/","1060":"a","1061":">","1062":"<","1063":"/","1064":"l","1065":"i","1066":">","1067":"\\","1068":"n","1069":" ","1070":" ","1071":" ","1072":" ","1073":" ","1074":" ","1075":"<","1076":"l","1077":"i","1078":">","1079":"<","1080":"a","1081":" ","1082":"h","1083":"r","1084":"e","1085":"f","1086":"=","1087":"\\","1088":"\"","1089":"h","1090":"t","1091":"t","1092":"p","1093":"s","1094":":","1095":"/","1096":"/","1097":"f","1098":"o","1099":"r","1100":"u","1101":"m","1102":".","1103":"v","1104":"u","1105":"e","1106":"j","1107":"s","1108":".","1109":"o","1110":"r","1111":"g","1112":"\\","1113":"\"","1114":" ","1115":"t","1116":"a","1117":"r","1118":"g","1119":"e","1120":"t","1121":"=","1122":"\\","1123":"\"","1124":"_","1125":"b","1126":"l","1127":"a","1128":"n","1129":"k","1130":"\\","1131":"\"","1132":" ","1133":"r","1134":"e","1135":"l","1136":"=","1137":"\\","1138":"\"","1139":"n","1140":"o","1141":"o","1142":"p","1143":"e","1144":"n","1145":"e","1146":"r","1147":"\\","1148":"\"","1149":">","1150":"F","1151":"o","1152":"r","1153":"u","1154":"m","1155":"<","1156":"/","1157":"a","1158":">","1159":"<","1160":"/","1161":"l","1162":"i","1163":">","1164":"\\","1165":"n","1166":" ","1167":" ","1168":" ","1169":" ","1170":" ","1171":" ","1172":"<","1173":"l","1174":"i","1175":">","1176":"<","1177":"a","1178":" ","1179":"h","1180":"r","1181":"e","1182":"f","1183":"=","1184":"\\","1185":"\"","1186":"h","1187":"t","1188":"t","1189":"p","1190":"s","1191":":","1192":"/","1193":"/","1194":"c","1195":"h","1196":"a","1197":"t","1198":".","1199":"v","1200":"u","1201":"e","1202":"j","1203":"s","1204":".","1205":"o","1206":"r","1207":"g","1208":"\\","1209":"\"","1210":" ","1211":"t","1212":"a","1213":"r","1214":"g","1215":"e","1216":"t","1217":"=","1218":"\\","1219":"\"","1220":"_","1221":"b","1222":"l","1223":"a","1224":"n","1225":"k","1226":"\\","1227":"\"","1228":" ","1229":"r","1230":"e","1231":"l","1232":"=","1233":"\\","1234":"\"","1235":"n","1236":"o","1237":"o","1238":"p","1239":"e","1240":"n","1241":"e","1242":"r","1243":"\\","1244":"\"","1245":">","1246":"C","1247":"o","1248":"m","1249":"m","1250":"u","1251":"n","1252":"i","1253":"t","1254":"y","1255":" ","1256":"C","1257":"h","1258":"a","1259":"t","1260":"<","1261":"/","1262":"a","1263":">","1264":"<","1265":"/","1266":"l","1267":"i","1268":">","1269":"\\","1270":"n","1271":" ","1272":" ","1273":" ","1274":" ","1275":" ","1276":" ","1277":"<","1278":"l","1279":"i","1280":">","1281":"<","1282":"a","1283":" ","1284":"h","1285":"r","1286":"e","1287":"f","1288":"=","1289":"\\","1290":"\"","1291":"h","1292":"t","1293":"t","1294":"p","1295":"s","1296":":","1297":"/","1298":"/","1299":"t","1300":"w","1301":"i","1302":"t","1303":"t","1304":"e","1305":"r","1306":".","1307":"c","1308":"o","1309":"m","1310":"/","1311":"v","1312":"u","1313":"e","1314":"j","1315":"s","1316":"\\","1317":"\"","1318":" ","1319":"t","1320":"a","1321":"r","1322":"g","1323":"e","1324":"t","1325":"=","1326":"\\","1327":"\"","1328":"_","1329":"b","1330":"l","1331":"a","1332":"n","1333":"k","1334":"\\","1335":"\"","1336":" ","1337":"r","1338":"e","1339":"l","1340":"=","1341":"\\","1342":"\"","1343":"n","1344":"o","1345":"o","1346":"p","1347":"e","1348":"n","1349":"e","1350":"r","1351":"\\","1352":"\"","1353":">","1354":"T","1355":"w","1356":"i","1357":"t","1358":"t","1359":"e","1360":"r","1361":"<","1362":"/","1363":"a","1364":">","1365":"<","1366":"/","1367":"l","1368":"i","1369":">","1370":"\\","1371":"n","1372":" ","1373":" ","1374":" ","1375":" ","1376":" ","1377":" ","1378":"<","1379":"l","1380":"i","1381":">","1382":"<","1383":"a","1384":" ","1385":"h","1386":"r","1387":"e","1388":"f","1389":"=","1390":"\\","1391":"\"","1392":"h","1393":"t","1394":"t","1395":"p","1396":"s","1397":":","1398":"/","1399":"/","1400":"n","1401":"e","1402":"w","1403":"s","1404":".","1405":"v","1406":"u","1407":"e","1408":"j","1409":"s","1410":".","1411":"o","1412":"r","1413":"g","1414":"\\","1415":"\"","1416":" ","1417":"t","1418":"a","1419":"r","1420":"g","1421":"e","1422":"t","1423":"=","1424":"\\","1425":"\"","1426":"_","1427":"b","1428":"l","1429":"a","1430":"n","1431":"k","1432":"\\","1433":"\"","1434":" ","1435":"r","1436":"e","1437":"l","1438":"=","1439":"\\","1440":"\"","1441":"n","1442":"o","1443":"o","1444":"p","1445":"e","1446":"n","1447":"e","1448":"r","1449":"\\","1450":"\"","1451":">","1452":"N","1453":"e","1454":"w","1455":"s","1456":"<","1457":"/","1458":"a","1459":">","1460":"<","1461":"/","1462":"l","1463":"i","1464":">","1465":"\\","1466":"n","1467":" ","1468":" ","1469":" ","1470":" ","1471":"<","1472":"/","1473":"u","1474":"l","1475":">","1476":"\\","1477":"n","1478":" ","1479":" ","1480":" ","1481":" ","1482":"<","1483":"h","1484":"3","1485":">","1486":"E","1487":"c","1488":"o","1489":"s","1490":"y","1491":"s","1492":"t","1493":"e","1494":"m","1495":"<","1496":"/","1497":"h","1498":"3","1499":">","1500":"\\","1501":"n","1502":" ","1503":" ","1504":" ","1505":" ","1506":"<","1507":"u","1508":"l","1509":">","1510":"\\","1511":"n","1512":" ","1513":" ","1514":" ","1515":" ","1516":" ","1517":" ","1518":"<","1519":"l","1520":"i","1521":">","1522":"<","1523":"a","1524":" ","1525":"h","1526":"r","1527":"e","1528":"f","1529":"=","1530":"\\","1531":"\"","1532":"h","1533":"t","1534":"t","1535":"p","1536":"s","1537":":","1538":"/","1539":"/","1540":"r","1541":"o","1542":"u","1543":"t","1544":"e","1545":"r","1546":".","1547":"v","1548":"u","1549":"e","1550":"j","1551":"s","1552":".","1553":"o","1554":"r","1555":"g","1556":"\\","1557":"\"","1558":" ","1559":"t","1560":"a","1561":"r","1562":"g","1563":"e","1564":"t","1565":"=","1566":"\\","1567":"\"","1568":"_","1569":"b","1570":"l","1571":"a","1572":"n","1573":"k","1574":"\\","1575":"\"","1576":" ","1577":"r","1578":"e","1579":"l","1580":"=","1581":"\\","1582":"\"","1583":"n","1584":"o","1585":"o","1586":"p","1587":"e","1588":"n","1589":"e","1590":"r","1591":"\\","1592":"\"","1593":">","1594":"v","1595":"u","1596":"e","1597":"-","1598":"r","1599":"o","1600":"u","1601":"t","1602":"e","1603":"r","1604":"<","1605":"/","1606":"a","1607":">","1608":"<","1609":"/","1610":"l","1611":"i","1612":">","1613":"\\","1614":"n","1615":" ","1616":" ","1617":" ","1618":" ","1619":" ","1620":" ","1621":"<","1622":"l","1623":"i","1624":">","1625":"<","1626":"a","1627":" ","1628":"h","1629":"r","1630":"e","1631":"f","1632":"=","1633":"\\","1634":"\"","1635":"h","1636":"t","1637":"t","1638":"p","1639":"s","1640":":","1641":"/","1642":"/","1643":"v","1644":"u","1645":"e","1646":"x","1647":".","1648":"v","1649":"u","1650":"e","1651":"j","1652":"s","1653":".","1654":"o","1655":"r","1656":"g","1657":"\\","1658":"\"","1659":" ","1660":"t","1661":"a","1662":"r","1663":"g","1664":"e","1665":"t","1666":"=","1667":"\\","1668":"\"","1669":"_","1670":"b","1671":"l","1672":"a","1673":"n","1674":"k","1675":"\\","1676":"\"","1677":" ","1678":"r","1679":"e","1680":"l","1681":"=","1682":"\\","1683":"\"","1684":"n","1685":"o","1686":"o","1687":"p","1688":"e","1689":"n","1690":"e","1691":"r","1692":"\\","1693":"\"","1694":">","1695":"v","1696":"u","1697":"e","1698":"x","1699":"<","1700":"/","1701":"a","1702":">","1703":"<","1704":"/","1705":"l","1706":"i","1707":">","1708":"\\","1709":"n","1710":" ","1711":" ","1712":" ","1713":" ","1714":" ","1715":" ","1716":"<","1717":"l","1718":"i","1719":">","1720":"<","1721":"a","1722":" ","1723":"h","1724":"r","1725":"e","1726":"f","1727":"=","1728":"\\","1729":"\"","1730":"h","1731":"t","1732":"t","1733":"p","1734":"s","1735":":","1736":"/","1737":"/","1738":"g","1739":"i","1740":"t","1741":"h","1742":"u","1743":"b","1744":".","1745":"c","1746":"o","1747":"m","1748":"/","1749":"v","1750":"u","1751":"e","1752":"j","1753":"s","1754":"/","1755":"v","1756":"u","1757":"e","1758":"-","1759":"d","1760":"e","1761":"v","1762":"t","1763":"o","1764":"o","1765":"l","1766":"s","1767":"#","1768":"v","1769":"u","1770":"e","1771":"-","1772":"d","1773":"e","1774":"v","1775":"t","1776":"o","1777":"o","1778":"l","1779":"s","1780":"\\","1781":"\"","1782":" ","1783":"t","1784":"a","1785":"r","1786":"g","1787":"e","1788":"t","1789":"=","1790":"\\","1791":"\"","1792":"_","1793":"b","1794":"l","1795":"a","1796":"n","1797":"k","1798":"\\","1799":"\"","1800":" ","1801":"r","1802":"e","1803":"l","1804":"=","1805":"\\","1806":"\"","1807":"n","1808":"o","1809":"o","1810":"p","1811":"e","1812":"n","1813":"e","1814":"r","1815":"\\","1816":"\"","1817":">","1818":"v","1819":"u","1820":"e","1821":"-","1822":"d","1823":"e","1824":"v","1825":"t","1826":"o","1827":"o","1828":"l","1829":"s","1830":"<","1831":"/","1832":"a","1833":">","1834":"<","1835":"/","1836":"l","1837":"i","1838":">","1839":"\\","1840":"n","1841":" ","1842":" ","1843":" ","1844":" ","1845":" ","1846":" ","1847":"<","1848":"l","1849":"i","1850":">","1851":"<","1852":"a","1853":" ","1854":"h","1855":"r","1856":"e","1857":"f","1858":"=","1859":"\\","1860":"\"","1861":"h","1862":"t","1863":"t","1864":"p","1865":"s","1866":":","1867":"/","1868":"/","1869":"v","1870":"u","1871":"e","1872":"-","1873":"l","1874":"o","1875":"a","1876":"d","1877":"e","1878":"r","1879":".","1880":"v","1881":"u","1882":"e","1883":"j","1884":"s","1885":".","1886":"o","1887":"r","1888":"g","1889":"\\","1890":"\"","1891":" ","1892":"t","1893":"a","1894":"r","1895":"g","1896":"e","1897":"t","1898":"=","1899":"\\","1900":"\"","1901":"_","1902":"b","1903":"l","1904":"a","1905":"n","1906":"k","1907":"\\","1908":"\"","1909":" ","1910":"r","1911":"e","1912":"l","1913":"=","1914":"\\","1915":"\"","1916":"n","1917":"o","1918":"o","1919":"p","1920":"e","1921":"n","1922":"e","1923":"r","1924":"\\","1925":"\"","1926":">","1927":"v","1928":"u","1929":"e","1930":"-","1931":"l","1932":"o","1933":"a","1934":"d","1935":"e","1936":"r","1937":"<","1938":"/","1939":"a","1940":">","1941":"<","1942":"/","1943":"l","1944":"i","1945":">","1946":"\\","1947":"n","1948":" ","1949":" ","1950":" ","1951":" ","1952":" ","1953":" ","1954":"<","1955":"l","1956":"i","1957":">","1958":"<","1959":"a","1960":" ","1961":"h","1962":"r","1963":"e","1964":"f","1965":"=","1966":"\\","1967":"\"","1968":"h","1969":"t","1970":"t","1971":"p","1972":"s","1973":":","1974":"/","1975":"/","1976":"g","1977":"i","1978":"t","1979":"h","1980":"u","1981":"b","1982":".","1983":"c","1984":"o","1985":"m","1986":"/","1987":"v","1988":"u","1989":"e","1990":"j","1991":"s","1992":"/","1993":"a","1994":"w","1995":"e","1996":"s","1997":"o","1998":"m","1999":"e","2000":"-","2001":"v","2002":"u","2003":"e","2004":"\\","2005":"\"","2006":" ","2007":"t","2008":"a","2009":"r","2010":"g","2011":"e","2012":"t","2013":"=","2014":"\\","2015":"\"","2016":"_","2017":"b","2018":"l","2019":"a","2020":"n","2021":"k","2022":"\\","2023":"\"","2024":" ","2025":"r","2026":"e","2027":"l","2028":"=","2029":"\\","2030":"\"","2031":"n","2032":"o","2033":"o","2034":"p","2035":"e","2036":"n","2037":"e","2038":"r","2039":"\\","2040":"\"","2041":">","2042":"a","2043":"w","2044":"e","2045":"s","2046":"o","2047":"m","2048":"e","2049":"-","2050":"v","2051":"u","2052":"e","2053":"<","2054":"/","2055":"a","2056":">","2057":"<","2058":"/","2059":"l","2060":"i","2061":">","2062":"\\","2063":"n","2064":" ","2065":" ","2066":" ","2067":" ","2068":"<","2069":"/","2070":"u","2071":"l","2072":">","2073":"\\","2074":"n","2075":" ","2076":" ","2077":"<","2078":"/","2079":"d","2080":"i","2081":"v","2082":">","2083":"\\","2084":"n","2085":"<","2086":"/","2087":"t","2088":"e","2089":"m","2090":"p","2091":"l","2092":"a","2093":"t","2094":"e","2095":">","2096":"\\","2097":"n","2098":"\\","2099":"n","2100":"<","2101":"s","2102":"c","2103":"r","2104":"i","2105":"p","2106":"t","2107":">","2108":"\\","2109":"n","2110":"e","2111":"x","2112":"p","2113":"o","2114":"r","2115":"t","2116":" ","2117":"d","2118":"e","2119":"f","2120":"a","2121":"u","2122":"l","2123":"t","2124":" ","2125":"{","2126":"\\","2127":"n","2128":" ","2129":" ","2130":"n","2131":"a","2132":"m","2133":"e","2134":":","2135":" ","2136":"'","2137":"H","2138":"e","2139":"l","2140":"l","2141":"o","2142":"W","2143":"o","2144":"r","2145":"l","2146":"d","2147":"'","2148":",","2149":"\\","2150":"n","2151":" ","2152":" ","2153":"p","2154":"r","2155":"o","2156":"p","2157":"s","2158":":","2159":" ","2160":"{","2161":"\\","2162":"n","2163":" ","2164":" ","2165":" ","2166":" ","2167":"m","2168":"s","2169":"g","2170":":","2171":" ","2172":"S","2173":"t","2174":"r","2175":"i","2176":"n","2177":"g","2178":"\\","2179":"n","2180":" ","2181":" ","2182":"}","2183":"\\","2184":"n","2185":"}","2186":"\\","2187":"n","2188":"<","2189":"/","2190":"s","2191":"c","2192":"r","2193":"i","2194":"p","2195":"t","2196":">","2197":"\\","2198":"n","2199":"\\","2200":"n","2201":"<","2202":"!","2203":"-","2204":"-","2205":" ","2206":"A","2207":"d","2208":"d","2209":" ","2210":"\\","2211":"\"","2212":"s","2213":"c","2214":"o","2215":"p","2216":"e","2217":"d","2218":"\\","2219":"\"","2220":" ","2221":"a","2222":"t","2223":"t","2224":"r","2225":"i","2226":"b","2227":"u","2228":"t","2229":"e","2230":" ","2231":"t","2232":"o","2233":" ","2234":"l","2235":"i","2236":"m","2237":"i","2238":"t","2239":" ","2240":"C","2241":"S","2242":"S","2243":" ","2244":"t","2245":"o","2246":" ","2247":"t","2248":"h","2249":"i","2250":"s","2251":" ","2252":"c","2253":"o","2254":"m","2255":"p","2256":"o","2257":"n","2258":"e","2259":"n","2260":"t","2261":" ","2262":"o","2263":"n","2264":"l","2265":"y","2266":" ","2267":"-","2268":"-","2269":">","2270":"\\","2271":"n","2272":"<","2273":"s","2274":"t","2275":"y","2276":"l","2277":"e","2278":" ","2279":"s","2280":"c","2281":"o","2282":"p","2283":"e","2284":"d","2285":">","2286":"\\","2287":"n","2288":"h","2289":"3","2290":" ","2291":"{","2292":"\\","2293":"n","2294":" ","2295":" ","2296":"m","2297":"a","2298":"r","2299":"g","2300":"i","2301":"n","2302":":","2303":" ","2304":"4","2305":"0","2306":"p","2307":"x","2308":" ","2309":"0","2310":" ","2311":"0","2312":";","2313":"\\","2314":"n","2315":"}","2316":"\\","2317":"n","2318":"u","2319":"l","2320":" ","2321":"{","2322":"\\","2323":"n","2324":" ","2325":" ","2326":"l","2327":"i","2328":"s","2329":"t","2330":"-","2331":"s","2332":"t","2333":"y","2334":"l","2335":"e","2336":"-","2337":"t","2338":"y","2339":"p","2340":"e","2341":":","2342":" ","2343":"n","2344":"o","2345":"n","2346":"e","2347":";","2348":"\\","2349":"n","2350":" ","2351":" ","2352":"p","2353":"a","2354":"d","2355":"d","2356":"i","2357":"n","2358":"g","2359":":","2360":" ","2361":"0","2362":";","2363":"\\","2364":"n","2365":"}","2366":"\\","2367":"n","2368":"l","2369":"i","2370":" ","2371":"{","2372":"\\","2373":"n","2374":" ","2375":" ","2376":"d","2377":"i","2378":"s","2379":"p","2380":"l","2381":"a","2382":"y","2383":":","2384":" ","2385":"i","2386":"n","2387":"l","2388":"i","2389":"n","2390":"e","2391":"-","2392":"b","2393":"l","2394":"o","2395":"c","2396":"k","2397":";","2398":"\\","2399":"n","2400":" ","2401":" ","2402":"m","2403":"a","2404":"r","2405":"g","2406":"i","2407":"n","2408":":","2409":" ","2410":"0","2411":" ","2412":"1","2413":"0","2414":"p","2415":"x","2416":";","2417":"\\","2418":"n","2419":"}","2420":"\\","2421":"n","2422":"a","2423":" ","2424":"{","2425":"\\","2426":"n","2427":" ","2428":" ","2429":"c","2430":"o","2431":"l","2432":"o","2433":"r","2434":":","2435":" ","2436":"#","2437":"4","2438":"2","2439":"b","2440":"9","2441":"8","2442":"3","2443":";","2444":"\\","2445":"n","2446":"}","2447":"\\","2448":"n","2449":"<","2450":"/","2451":"s","2452":"t","2453":"y","2454":"l","2455":"e","2456":">","2457":"\\","2458":"n","2459":"\"","2460":"]","2461":"}"}}
,"/workspace/PanCancerAwareApp/frontend/src/components/Pancreas3D.vue": {"path":"/workspace/PanCancerAwareApp/frontend/src/components/Pancreas3D.vue","statementMap":{},"fnMap":{},"branchMap":{},"s":{},"f":{},"b":{},"inputSourceMap":{"0":"{","1":"\"","2":"v","3":"e","4":"r","5":"s","6":"i","7":"o","8":"n","9":"\"","10":":","11":"3","12":",","13":"\"","14":"s","15":"o","16":"u","17":"r","18":"c","19":"e","20":"s","21":"\"","22":":","23":"[","24":"]","25":",","26":"\"","27":"n","28":"a","29":"m","30":"e","31":"s","32":"\"","33":":","34":"[","35":"]","36":",","37":"\"","38":"m","39":"a","40":"p","41":"p","42":"i","43":"n","44":"g","45":"s","46":"\"","47":":","48":"\"","49":"\"","50":",","51":"\"","52":"f","53":"i","54":"l","55":"e","56":"\"","57":":","58":"\"","59":"/","60":"w","61":"o","62":"r","63":"k","64":"s","65":"p","66":"a","67":"c","68":"e","69":"/","70":"P","71":"a","72":"n","73":"C","74":"a","75":"n","76":"c","77":"e","78":"r","79":"A","80":"w","81":"a","82":"r","83":"e","84":"A","85":"p","86":"p","87":"/","88":"f","89":"r","90":"o","91":"n","92":"t","93":"e","94":"n","95":"d","96":"/","97":"s","98":"r","99":"c","100":"/","101":"c","102":"o","103":"m","104":"p","105":"o","106":"n","107":"e","108":"n","109":"t","110":"s","111":"/","112":"P","113":"a","114":"n","115":"c","116":"r","117":"e","118":"a","119":"s","120":"3","121":"D","122":".","123":"v","124":"u","125":"e","126":"\"","127":"}"}}
,"/workspace/PanCancerAwareApp/frontend/src/components/common/Button.vue": {"path":"/workspace/PanCancerAwareApp/frontend/src/components/common/Button.vue","statementMap":{"0":{"start":{"line":3,"column":0},"end":{"line":5,"column":3}},"1":{"start":{"line":6,"column":0},"end":{"line":6,"column":25}},"2":{"start":{"line":7,"column":15},"end":{"line":18,"column":1}},"3":{"start":{"line":19,"column":0},"end":{"line":19,"column":13}},"4":{"start":{"line":21,"column":0},"end":{"line":23,"column":3}},"5":{"start":{"line":24,"column":0},"end":{"line":24,"column":24}},"6":{"start":{"line":25,"column":11},"end":{"line":25,"column":25}},"7":{"start":{"line":27,"column":2},"end":{"line":31,"column":65}},"8":{"start":{"line":29,"column":49},"end":{"line":29,"column":68}},"9":{"start":{"line":32,"column":2},"end":{"line":32,"column":49}}},"fnMap":{"0":{"name":"render","decl":{"start":{"line":26,"column":9},"end":{"line":26,"column":15}},"loc":{"start":{"line":26,"column":30},"end":{"line":32,"column":1}},"line":26},"1":{"name":"(anonymous_1)","decl":{"start":{"line":29,"column":39},"end":{"line":29,"column":40}},"loc":{"start":{"line":29,"column":49},"end":{"line":29,"column":68}},"line":29}},"branchMap":{"0":{"loc":{"start":{"line":29,"column":13},"end":{"line":29,"column":69}},"type":"binary-expr","locations":[{"start":{"line":29,"column":13},"end":{"line":29,"column":22}},{"start":{"line":29,"column":27},"end":{"line":29,"column":68}}],"line":29}},"s":{"0":0,"1":0,"2":0,"3":0,"4":0,"5":0,"6":0,"7":0,"8":0,"9":0},"f":{"0":0,"1":0},"b":{"0":[0,0]},"inputSourceMap":{"0":"{","1":"\"","2":"v","3":"e","4":"r","5":"s","6":"i","7":"o","8":"n","9":"\"","10":":","11":"3","12":",","13":"\"","14":"s","15":"o","16":"u","17":"r","18":"c","19":"e","20":"s","21":"\"","22":":","23":"[","24":"\"","25":"/","26":"w","27":"o","28":"r","29":"k","30":"s","31":"p","32":"a","33":"c","34":"e","35":"/","36":"P","37":"a","38":"n","39":"C","40":"a","41":"n","42":"c","43":"e","44":"r","45":"A","46":"w","47":"a","48":"r","49":"e","50":"A","51":"p","52":"p","53":"/","54":"f","55":"r","56":"o","57":"n","58":"t","59":"e","60":"n","61":"d","62":"/","63":"s","64":"r","65":"c","66":"/","67":"c","68":"o","69":"m","70":"p","71":"o","72":"n","73":"e","74":"n","75":"t","76":"s","77":"/","78":"c","79":"o","80":"m","81":"m","82":"o","83":"n","84":"/","85":"B","86":"u","87":"t","88":"t","89":"o","90":"n","91":".","92":"v","93":"u","94":"e","95":"\"","96":"]","97":",","98":"\"","99":"n","100":"a","101":"m","102":"e","103":"s","104":"\"","105":":","106":"[","107":"]","108":",","109":"\"","110":"m","111":"a","112":"p","113":"p","114":"i","115":"n","116":"g","117":"s","118":"\"","119":":","120":"\"","121":";","122":";","123":";","124":";","125":";","126":";","127":"i","128":"C","129":"A","130":"W","131":"e","132":";","133":"E","134":"A","135":"C","136":"b","137":",","138":"K","139":"A","140":"A","141":"K","142":",","143":"E","144":"A","145":"A","146":"E","147":";","148":"I","149":"A","150":"C","151":"L","152":",","153":"I","154":"A","155":"A","156":"I","157":",","158":"E","159":"A","160":"A","161":"E","162":";","163":"M","164":"A","165":"A","166":"E","167":",","168":"I","169":"A","170":"A","171":"I","172":",","173":"E","174":"A","175":"A","176":"E","177":",","178":"M","179":"A","180":"A","181":"M","182":";","183":"M","184":"A","185":"A","186":"E","187":",","188":"O","189":"A","190":"A","191":"O","192":",","193":"E","194":"A","195":"A","196":"E","197":";","198":"I","199":"A","200":"A","201":"U","202":",","203":"C","204":"A","205":"A","206":"C","207":";","208":"I","209":"A","210":"C","211":"1","212":"C","213":",","214":"K","215":"A","216":"A","217":"K","218":",","219":"E","220":"A","221":"A","222":"E","223":";","224":"M","225":"A","226":"A","227":"E","228":",","229":"I","230":"A","231":"A","232":"I","233":",","234":"E","235":"A","236":"A","237":"E","238":",","239":"M","240":"A","241":"A","242":"M","243":";","244":"M","245":"A","246":"A","247":"E","248":",","249":"Q","250":"A","251":"A","252":"Q","253":",","254":"E","255":"A","256":"A","257":"E","258":";","259":"I","260":"A","261":"A","262":"K","263":";","264":"E","265":"A","266":"C","267":"x","268":"C","269":";","270":"A","271":"A","272":"C","273":"F","274":",","275":"C","276":"A","277":"A","278":"C","279":"\"","280":",","281":"\"","282":"f","283":"i","284":"l","285":"e","286":"\"","287":":","288":"\"","289":"/","290":"w","291":"o","292":"r","293":"k","294":"s","295":"p","296":"a","297":"c","298":"e","299":"/","300":"P","301":"a","302":"n","303":"C","304":"a","305":"n","306":"c","307":"e","308":"r","309":"A","310":"w","311":"a","312":"r","313":"e","314":"A","315":"p","316":"p","317":"/","318":"f","319":"r","320":"o","321":"n","322":"t","323":"e","324":"n","325":"d","326":"/","327":"s","328":"r","329":"c","330":"/","331":"c","332":"o","333":"m","334":"p","335":"o","336":"n","337":"e","338":"n","339":"t","340":"s","341":"/","342":"c","343":"o","344":"m","345":"m","346":"o","347":"n","348":"/","349":"B","350":"u","351":"t","352":"t","353":"o","354":"n","355":".","356":"v","357":"u","358":"e","359":"\"","360":",","361":"\"","362":"s","363":"o","364":"u","365":"r","366":"c","367":"e","368":"s","369":"C","370":"o","371":"n","372":"t","373":"e","374":"n","375":"t","376":"\"","377":":","378":"[","379":"\"","380":"<","381":"t","382":"e","383":"m","384":"p","385":"l","386":"a","387":"t","388":"e","389":">","390":"\\","391":"n","392":" ","393":" ","394":"<","395":"b","396":"u","397":"t","398":"t","399":"o","400":"n","401":"\\","402":"n","403":" ","404":" ","405":" ","406":" ","407":":","408":"c","409":"l","410":"a","411":"s","412":"s","413":"=","414":"\\","415":"\"","416":"`","417":"b","418":"u","419":"t","420":"t","421":"o","422":"n","423":" ","424":"b","425":"u","426":"t","427":"t","428":"o","429":"n","430":"-","431":"-","432":"$","433":"{","434":"t","435":"y","436":"p","437":"e","438":"}","439":"`","440":"\\","441":"\"","442":"\\","443":"n","444":" ","445":" ","446":" ","447":" ","448":"@","449":"c","450":"l","451":"i","452":"c","453":"k","454":"=","455":"\\","456":"\"","457":"$","458":"e","459":"m","460":"i","461":"t","462":"(","463":"'","464":"c","465":"l","466":"i","467":"c","468":"k","469":"'","470":")","471":"\\","472":"\"","473":"\\","474":"n","475":" ","476":" ","477":" ","478":" ","479":"a","480":"r","481":"i","482":"a","483":"-","484":"l","485":"a","486":"b","487":"e","488":"l","489":"=","490":"\\","491":"\"","492":"B","493":"u","494":"t","495":"t","496":"o","497":"n","498":" ","499":"{","500":"{","501":" ","502":"l","503":"a","504":"b","505":"e","506":"l","507":" ","508":"}","509":"}","510":"\\","511":"\"","512":"\\","513":"n","514":" ","515":" ","516":">","517":"\\","518":"n","519":" ","520":" ","521":" ","522":" ","523":"{","524":"{","525":" ","526":"l","527":"a","528":"b","529":"e","530":"l","531":" ","532":"}","533":"}","534":"\\","535":"n","536":" ","537":" ","538":"<","539":"/","540":"b","541":"u","542":"t","543":"t","544":"o","545":"n","546":">","547":"\\","548":"n","549":"<","550":"/","551":"t","552":"e","553":"m","554":"p","555":"l","556":"a","557":"t","558":"e","559":">","560":"\\","561":"n","562":"\\","563":"n","564":"<","565":"s","566":"c","567":"r","568":"i","569":"p","570":"t","571":">","572":"\\","573":"n","574":"e","575":"x","576":"p","577":"o","578":"r","579":"t","580":" ","581":"d","582":"e","583":"f","584":"a","585":"u","586":"l","587":"t","588":" ","589":"{","590":"\\","591":"n","592":" ","593":" ","594":"p","595":"r","596":"o","597":"p","598":"s","599":":","600":" ","601":"{","602":"\\","603":"n","604":" ","605":" ","606":" ","607":" ","608":"t","609":"y","610":"p","611":"e","612":":","613":" ","614":"{","615":" ","616":"t","617":"y","618":"p","619":"e","620":":","621":" ","622":"S","623":"t","624":"r","625":"i","626":"n","627":"g","628":",","629":" ","630":"d","631":"e","632":"f","633":"a","634":"u","635":"l","636":"t","637":":","638":" ","639":"\\","640":"\"","641":"p","642":"r","643":"i","644":"m","645":"a","646":"r","647":"y","648":"\\","649":"\"","650":" ","651":"}","652":",","653":"\\","654":"n","655":" ","656":" ","657":" ","658":" ","659":"l","660":"a","661":"b","662":"e","663":"l","664":":","665":" ","666":"{","667":" ","668":"t","669":"y","670":"p","671":"e","672":":","673":" ","674":"S","675":"t","676":"r","677":"i","678":"n","679":"g","680":",","681":" ","682":"r","683":"e","684":"q","685":"u","686":"i","687":"r","688":"e","689":"d","690":":","691":" ","692":"t","693":"r","694":"u","695":"e","696":" ","697":"}","698":",","699":"\\","700":"n","701":" ","702":" ","703":"}","704":",","705":"\\","706":"n","707":"}","708":";","709":"\\","710":"n","711":"<","712":"/","713":"s","714":"c","715":"r","716":"i","717":"p","718":"t","719":">","720":"\\","721":"n","722":"\\","723":"n","724":"<","725":"s","726":"t","727":"y","728":"l","729":"e","730":" ","731":"s","732":"c","733":"o","734":"p","735":"e","736":"d","737":">","738":"\\","739":"n","740":".","741":"b","742":"u","743":"t","744":"t","745":"o","746":"n","747":" ","748":"{","749":"\\","750":"n","751":" ","752":" ","753":"p","754":"a","755":"d","756":"d","757":"i","758":"n","759":"g","760":":","761":" ","762":"1","763":"0","764":"p","765":"x","766":" ","767":"2","768":"0","769":"p","770":"x","771":";","772":"\\","773":"n","774":" ","775":" ","776":"b","777":"o","778":"r","779":"d","780":"e","781":"r","782":":","783":" ","784":"n","785":"o","786":"n","787":"e","788":";","789":"\\","790":"n","791":" ","792":" ","793":"b","794":"o","795":"r","796":"d","797":"e","798":"r","799":"-","800":"r","801":"a","802":"d","803":"i","804":"u","805":"s","806":":","807":" ","808":"4","809":"p","810":"x","811":";","812":"\\","813":"n","814":" ","815":" ","816":"c","817":"u","818":"r","819":"s","820":"o","821":"r","822":":","823":" ","824":"p","825":"o","826":"i","827":"n","828":"t","829":"e","830":"r","831":";","832":"\\","833":"n","834":" ","835":" ","836":"f","837":"o","838":"n","839":"t","840":"-","841":"s","842":"i","843":"z","844":"e","845":":","846":" ","847":"1","848":"6","849":"p","850":"x","851":";","852":"\\","853":"n","854":"}","855":"\\","856":"n","857":"\\","858":"n","859":".","860":"b","861":"u","862":"t","863":"t","864":"o","865":"n","866":"-","867":"-","868":"p","869":"r","870":"i","871":"m","872":"a","873":"r","874":"y","875":" ","876":"{","877":"\\","878":"n","879":" ","880":" ","881":"b","882":"a","883":"c","884":"k","885":"g","886":"r","887":"o","888":"u","889":"n","890":"d","891":"-","892":"c","893":"o","894":"l","895":"o","896":"r","897":":","898":" ","899":"#","900":"3","901":"4","902":"9","903":"8","904":"d","905":"b","906":";","907":"\\","908":"n","909":" ","910":" ","911":"c","912":"o","913":"l","914":"o","915":"r","916":":","917":" ","918":"w","919":"h","920":"i","921":"t","922":"e","923":";","924":"\\","925":"n","926":"}","927":"\\","928":"n","929":"\\","930":"n","931":".","932":"b","933":"u","934":"t","935":"t","936":"o","937":"n","938":"-","939":"-","940":"s","941":"e","942":"c","943":"o","944":"n","945":"d","946":"a","947":"r","948":"y","949":" ","950":"{","951":"\\","952":"n","953":" ","954":" ","955":"b","956":"a","957":"c","958":"k","959":"g","960":"r","961":"o","962":"u","963":"n","964":"d","965":"-","966":"c","967":"o","968":"l","969":"o","970":"r","971":":","972":" ","973":"#","974":"2","975":"c","976":"3","977":"e","978":"5","979":"0","980":";","981":"\\","982":"n","983":" ","984":" ","985":"c","986":"o","987":"l","988":"o","989":"r","990":":","991":" ","992":"w","993":"h","994":"i","995":"t","996":"e","997":";","998":"\\","999":"n","1000":"}","1001":"\\","1002":"n","1003":"\\","1004":"n","1005":".","1006":"b","1007":"u","1008":"t","1009":"t","1010":"o","1011":"n","1012":":","1013":"h","1014":"o","1015":"v","1016":"e","1017":"r","1018":" ","1019":"{","1020":"\\","1021":"n","1022":" ","1023":" ","1024":"o","1025":"p","1026":"a","1027":"c","1028":"i","1029":"t","1030":"y","1031":":","1032":" ","1033":"0","1034":".","1035":"9","1036":";","1037":"\\","1038":"n","1039":" ","1040":" ","1041":"t","1042":"r","1043":"a","1044":"n","1045":"s","1046":"f","1047":"o","1048":"r","1049":"m","1050":":","1051":" ","1052":"s","1053":"c","1054":"a","1055":"l","1056":"e","1057":"(","1058":"1","1059":".","1060":"0","1061":"5","1062":")","1063":";","1064":"\\","1065":"n","1066":" ","1067":" ","1068":"t","1069":"r","1070":"a","1071":"n","1072":"s","1073":"i","1074":"t","1075":"i","1076":"o","1077":"n","1078":":","1079":" ","1080":"t","1081":"r","1082":"a","1083":"n","1084":"s","1085":"f","1086":"o","1087":"r","1088":"m","1089":" ","1090":"0","1091":".","1092":"2","1093":"s","1094":" ","1095":"e","1096":"a","1097":"s","1098":"e","1099":"-","1100":"i","1101":"n","1102":"-","1103":"o","1104":"u","1105":"t","1106":";","1107":"\\","1108":"n","1109":"}","1110":"\\","1111":"n","1112":"<","1113":"/","1114":"s","1115":"t","1116":"y","1117":"l","1118":"e","1119":">","1120":"\\","1121":"n","1122":"\"","1123":"]","1124":"}"}}
,"/workspace/PanCancerAwareApp/frontend/src/components/common/Carousel.vue": {"path":"/workspace/PanCancerAwareApp/frontend/src/components/common/Carousel.vue","statementMap":{"0":{"start":{"line":3,"column":29},"end":{"line":3,"column":146}},"1":{"start":{"line":4,"column":0},"end":{"line":6,"column":3}},"2":{"start":{"line":7,"column":0},"end":{"line":7,"column":25}},"3":{"start":{"line":8,"column":12},"end":{"line":8,"column":61}},"4":{"start":{"line":10,"column":15},"end":{"line":61,"column":1}},"5":{"start":{"line":17,"column":4},"end":{"line":20,"column":6}},"6":{"start":{"line":24,"column":24},"end":{"line":24,"column":52}},"7":{"start":{"line":25,"column":6},"end":{"line":25,"column":59}},"8":{"start":{"line":25,"column":52},"end":{"line":25,"column":59}},"9":{"start":{"line":26,"column":6},"end":{"line":30,"column":9}},"10":{"start":{"line":31,"column":6},"end":{"line":31,"column":71}},"11":{"start":{"line":34,"column":24},"end":{"line":34,"column":52}},"12":{"start":{"line":35,"column":6},"end":{"line":35,"column":59}},"13":{"start":{"line":35,"column":52},"end":{"line":35,"column":59}},"14":{"start":{"line":36,"column":6},"end":{"line":40,"column":9}},"15":{"start":{"line":41,"column":6},"end":{"line":41,"column":92}},"16":{"start":{"line":44,"column":6},"end":{"line":46,"column":7}},"17":{"start":{"line":45,"column":8},"end":{"line":45,"column":72}},"18":{"start":{"line":49,"column":6},"end":{"line":52,"column":7}},"19":{"start":{"line":50,"column":8},"end":{"line":50,"column":42}},"20":{"start":{"line":51,"column":8},"end":{"line":51,"column":34}},"21":{"start":{"line":56,"column":4},"end":{"line":56,"column":25}},"22":{"start":{"line":59,"column":4},"end":{"line":59,"column":24}},"23":{"start":{"line":62,"column":0},"end":{"line":62,"column":13}},"24":{"start":{"line":64,"column":0},"end":{"line":66,"column":3}},"25":{"start":{"line":67,"column":0},"end":{"line":67,"column":24}},"26":{"start":{"line":68,"column":11},"end":{"line":68,"column":25}},"27":{"start":{"line":69,"column":19},"end":{"line":72,"column":1}},"28":{"start":{"line":73,"column":19},"end":{"line":75,"column":1}},"29":{"start":{"line":77,"column":2},"end":{"line":98,"column":36}},"30":{"start":{"line":84,"column":4},"end":{"line":89,"column":9}},"31":{"start":{"line":91,"column":52},"end":{"line":91,"column":93}},"32":{"start":{"line":95,"column":52},"end":{"line":95,"column":93}},"33":{"start":{"line":99,"column":2},"end":{"line":99,"column":49}}},"fnMap":{"0":{"name":"(anonymous_0)","decl":{"start":{"line":16,"column":2},"end":{"line":16,"column":3}},"loc":{"start":{"line":16,"column":9},"end":{"line":21,"column":3}},"line":16},"1":{"name":"(anonymous_1)","decl":{"start":{"line":23,"column":4},"end":{"line":23,"column":5}},"loc":{"start":{"line":23,"column":16},"end":{"line":32,"column":5}},"line":23},"2":{"name":"(anonymous_2)","decl":{"start":{"line":33,"column":4},"end":{"line":33,"column":5}},"loc":{"start":{"line":33,"column":16},"end":{"line":42,"column":5}},"line":33},"3":{"name":"(anonymous_3)","decl":{"start":{"line":43,"column":4},"end":{"line":43,"column":5}},"loc":{"start":{"line":43,"column":20},"end":{"line":47,"column":5}},"line":43},"4":{"name":"(anonymous_4)","decl":{"start":{"line":48,"column":4},"end":{"line":48,"column":5}},"loc":{"start":{"line":48,"column":19},"end":{"line":53,"column":5}},"line":48},"5":{"name":"(anonymous_5)","decl":{"start":{"line":55,"column":2},"end":{"line":55,"column":3}},"loc":{"start":{"line":55,"column":12},"end":{"line":57,"column":3}},"line":55},"6":{"name":"(anonymous_6)","decl":{"start":{"line":58,"column":2},"end":{"line":58,"column":3}},"loc":{"start":{"line":58,"column":18},"end":{"line":60,"column":3}},"line":58},"7":{"name":"render","decl":{"start":{"line":76,"column":9},"end":{"line":76,"column":15}},"loc":{"start":{"line":76,"column":30},"end":{"line":99,"column":1}},"line":76},"8":{"name":"(anonymous_8)","decl":{"start":{"line":83,"column":118},"end":{"line":83,"column":119}},"loc":{"start":{"line":83,"column":136},"end":{"line":90,"column":3}},"line":83},"9":{"name":"(anonymous_9)","decl":{"start":{"line":91,"column":39},"end":{"line":91,"column":40}},"loc":{"start":{"line":91,"column":52},"end":{"line":91,"column":93}},"line":91},"10":{"name":"(anonymous_10)","decl":{"start":{"line":95,"column":39},"end":{"line":95,"column":40}},"loc":{"start":{"line":95,"column":52},"end":{"line":95,"column":93}},"line":95}},"branchMap":{"0":{"loc":{"start":{"line":25,"column":6},"end":{"line":25,"column":59}},"type":"if","locations":[{"start":{"line":25,"column":6},"end":{"line":25,"column":59}},{"start":{},"end":{}}],"line":25},"1":{"loc":{"start":{"line":25,"column":10},"end":{"line":25,"column":50}},"type":"binary-expr","locations":[{"start":{"line":25,"column":10},"end":{"line":25,"column":22}},{"start":{"line":25,"column":26},"end":{"line":25,"column":50}}],"line":25},"2":{"loc":{"start":{"line":35,"column":6},"end":{"line":35,"column":59}},"type":"if","locations":[{"start":{"line":35,"column":6},"end":{"line":35,"column":59}},{"start":{},"end":{}}],"line":35},"3":{"loc":{"start":{"line":35,"column":10},"end":{"line":35,"column":50}},"type":"binary-expr","locations":[{"start":{"line":35,"column":10},"end":{"line":35,"column":22}},{"start":{"line":35,"column":26},"end":{"line":35,"column":50}}],"line":35},"4":{"loc":{"start":{"line":44,"column":6},"end":{"line":46,"column":7}},"type":"if","locations":[{"start":{"line":44,"column":6},"end":{"line":46,"column":7}},{"start":{},"end":{}}],"line":44},"5":{"loc":{"start":{"line":49,"column":6},"end":{"line":52,"column":7}},"type":"if","locations":[{"start":{"line":49,"column":6},"end":{"line":52,"column":7}},{"start":{},"end":{}}],"line":49},"6":{"loc":{"start":{"line":91,"column":13},"end":{"line":91,"column":94}},"type":"binary-expr","locations":[{"start":{"line":91,"column":13},"end":{"line":91,"column":22}},{"start":{"line":91,"column":27},"end":{"line":91,"column":93}}],"line":91},"7":{"loc":{"start":{"line":91,"column":52},"end":{"line":91,"column":93}},"type":"binary-expr","locations":[{"start":{"line":91,"column":52},"end":{"line":91,"column":66}},{"start":{"line":91,"column":70},"end":{"line":91,"column":93}}],"line":91},"8":{"loc":{"start":{"line":95,"column":13},"end":{"line":95,"column":94}},"type":"binary-expr","locations":[{"start":{"line":95,"column":13},"end":{"line":95,"column":22}},{"start":{"line":95,"column":27},"end":{"line":95,"column":93}}],"line":95},"9":{"loc":{"start":{"line":95,"column":52},"end":{"line":95,"column":93}},"type":"binary-expr","locations":[{"start":{"line":95,"column":52},"end":{"line":95,"column":66}},{"start":{"line":95,"column":70},"end":{"line":95,"column":93}}],"line":95}},"s":{"0":0,"1":0,"2":0,"3":0,"4":0,"5":0,"6":0,"7":0,"8":0,"9":0,"10":0,"11":0,"12":0,"13":0,"14":0,"15":0,"16":0,"17":0,"18":0,"19":0,"20":0,"21":0,"22":0,"23":0,"24":0,"25":0,"26":0,"27":0,"28":0,"29":0,"30":0,"31":0,"32":0,"33":0},"f":{"0":0,"1":0,"2":0,"3":0,"4":0,"5":0,"6":0,"7":0,"8":0,"9":0,"10":0},"b":{"0":[0,0],"1":[0,0],"2":[0,0],"3":[0,0],"4":[0,0],"5":[0,0],"6":[0,0],"7":[0,0],"8":[0,0],"9":[0,0]},"inputSourceMap":{"0":"{","1":"\"","2":"v","3":"e","4":"r","5":"s","6":"i","7":"o","8":"n","9":"\"","10":":","11":"3","12":",","13":"\"","14":"s","15":"o","16":"u","17":"r","18":"c","19":"e","20":"s","21":"\"","22":":","23":"[","24":"\"","25":"/","26":"w","27":"o","28":"r","29":"k","30":"s","31":"p","32":"a","33":"c","34":"e","35":"/","36":"P","37":"a","38":"n","39":"C","40":"a","41":"n","42":"c","43":"e","44":"r","45":"A","46":"w","47":"a","48":"r","49":"e","50":"A","51":"p","52":"p","53":"/","54":"f","55":"r","56":"o","57":"n","58":"t","59":"e","60":"n","61":"d","62":"/","63":"s","64":"r","65":"c","66":"/","67":"c","68":"o","69":"m","70":"p","71":"o","72":"n","73":"e","74":"n","75":"t","76":"s","77":"/","78":"c","79":"o","80":"m","81":"m","82":"o","83":"n","84":"/","85":"C","86":"a","87":"r","88":"o","89":"u","90":"s","91":"e","92":"l","93":".","94":"v","95":"u","96":"e","97":"\"","98":"]","99":",","100":"\"","101":"n","102":"a","103":"m","104":"e","105":"s","106":"\"","107":":","108":"[","109":"]","110":",","111":"\"","112":"m","113":"a","114":"p","115":"p","116":"i","117":"n","118":"g","119":"s","120":"\"","121":":","122":"\"","123":";","124":";","125":";","126":";","127":";","128":";","129":";","130":"A","131":"A","132":"e","133":"A","134":";","135":"A","136":"A","137":"A","138":"m","139":"C","140":";","141":"A","142":"A","143":"A","144":"A","145":",","146":"i","147":"C","148":"A","149":"E","150":"p","151":"B","152":";","153":"E","154":"A","155":"C","156":"b","157":",","158":"K","159":"A","160":"A","161":"K","162":",","163":"E","164":"A","165":"A","166":"E","167":";","168":"I","169":"A","170":"C","171":"L","172":",","173":"M","174":"A","175":"A","176":"M","177":",","178":"E","179":"A","180":"A","181":"E","182":",","183":"K","184":"A","185":"A","186":"K","187":";","188":"I","189":"A","190":"C","191":"b","192":",","193":"Q","194":"A","195":"A","196":"Q","197":",","198":"E","199":"A","200":"A","201":"E","202":",","203":"O","204":"A","205":"A","206":"O","207":";","208":"I","209":"A","210":"C","211":"j","212":"B","213":",","214":"Q","215":"A","216":"A","217":"Q","218":",","219":"E","220":"A","221":"A","222":"E","223":";","224":"E","225":"A","226":"C","227":"Z","228":",","229":"C","230":"A","231":"A","232":"C","233":";","234":"E","235":"A","236":"C","237":"D","238":",","239":"I","240":"A","241":"A","242":"I","243":",","244":"G","245":"A","246":"A","247":"G","248":";","249":"I","250":"A","251":"C","252":"L","253":",","254":"O","255":"A","256":"A","257":"O","258":";","259":"M","260":"A","261":"C","262":"L","263":",","264":"Y","265":"A","266":"A","267":"Y","268":",","269":"E","270":"A","271":"A","272":"E","273":",","274":"C","275":"A","276":"A","277":"C","278":";","279":"M","280":"A","281":"C","282":"f","283":",","284":"a","285":"A","286":"A","287":"a","288":",","289":"E","290":"A","291":"A","292":"E","293":";","294":"I","295":"A","296":"C","297":"j","298":"B","299":",","300":"C","301":"A","302":"A","303":"C","304":";","305":"E","306":"A","307":"C","308":"H","309":",","310":"C","311":"A","312":"A","313":"C","314":";","315":"E","316":"A","317":"C","318":"D","319":",","320":"O","321":"A","322":"A","323":"O","324":",","325":"E","326":"A","327":"A","328":"E","329":";","330":"I","331":"A","332":"C","333":"P","334":",","335":"S","336":"A","337":"A","338":"S","339":",","340":"G","341":"A","342":"A","343":"G","344":";","345":"M","346":"A","347":"C","348":"V","349":",","350":"M","351":"A","352":"A","353":"M","354":",","355":"S","356":"A","357":"A","358":"S","359":",","360":"G","361":"A","362":"A","363":"G","364":",","365":"I","366":"A","367":"A","368":"I","369":",","370":"C","371":"A","372":"A","373":"C","374":",","375":"K","376":"A","377":"A","378":"K","379":",","380":"C","381":"A","382":"A","383":"C","384":",","385":"i","386":"B","387":"A","388":"A","389":"i","390":"B","391":",","392":"C","393":"A","394":"A","395":"C","396":",","397":"C","398":"A","399":"A","400":"C","401":";","402":"M","403":"A","404":"C","405":"h","406":"D","407":",","408":"I","409":"A","410":"A","411":"I","412":",","413":"C","414":"A","415":"A","416":"C","417":",","418":"I","419":"A","420":"A","421":"I","422":",","423":"C","424":"A","425":"A","426":"C","427":",","428":"M","429":"A","430":"A","431":"M","432":",","433":"I","434":"A","435":"A","436":"I","437":",","438":"I","439":"A","440":"A","441":"I","442":",","443":"C","444":"A","445":"A","446":"C","447":",","448":"M","449":"A","450":"A","451":"M","452":",","453":"C","454":"A","455":"A","456":"C","457":",","458":"M","459":"A","460":"A","461":"M","462":",","463":"K","464":"A","465":"A","466":"K","467":",","468":"C","469":"A","470":"A","471":"C","472":",","473":"E","474":"A","475":"A","476":"E","477":",","478":"O","479":"A","480":"A","481":"O","482":",","483":"C","484":"A","485":"A","486":"C","487":";","488":"M","489":"A","490":"C","491":"t","492":"D","493":",","494":"a","495":"A","496":"A","497":"I","498":",","499":"C","500":"A","501":"A","502":"C","503":",","504":"E","505":"A","506":"A","507":"E","508":",","509":"C","510":"A","511":"A","512":"C","513":",","514":"S","515":"A","516":"A","517":"S","518":",","519":"E","520":"A","521":"A","522":"E","523":";","524":"Q","525":"A","526":"C","527":"j","528":"B","529":",","530":"C","531":"A","532":"A","533":"C","534":",","535":"E","536":"A","537":"A","538":"E","539":",","540":"I","541":"A","542":"A","543":"I","544":",","545":"C","546":"A","547":"A","548":"C","549":",","550":"I","551":"A","552":"A","553":"I","554":",","555":"C","556":"A","557":"A","558":"C","559":",","560":"Y","561":"A","562":"A","563":"Y","564":",","565":"G","566":"A","567":"A","568":"G","569":",","570":"C","571":"A","572":"A","573":"C","574":",","575":"I","576":"A","577":"A","578":"I","579":",","580":"G","581":"A","582":"A","583":"G","584":",","585":"G","586":"A","587":"A","588":"G","589":";","590":"Q","591":"A","592":"C","593":"v","594":"C","595":",","596":"Q","597":"A","598":"A","599":"Q","600":",","601":"E","602":"A","603":"A","604":"E","605":",","606":"G","607":"A","608":"A","609":"G","610":";","611":"Q","612":"A","613":"C","614":"b","615":",","616":"I","617":"A","618":"A","619":"I","620":",","621":"E","622":"A","623":"A","624":"E","625":";","626":"M","627":"A","628":"C","629":"R","630":",","631":"C","632":"A","633":"A","634":"C","635":",","636":"C","637":"A","638":"A","639":"C","640":";","641":"M","642":"A","643":"C","644":"F","645":",","646":"I","647":"A","648":"A","649":"I","650":",","651":"C","652":"A","653":"A","654":"C","655":",","656":"Y","657":"A","658":"A","659":"Y","660":",","661":"G","662":"A","663":"A","664":"G","665":",","666":"C","667":"A","668":"A","669":"C","670":",","671":"I","672":"A","673":"A","674":"I","675":",","676":"C","677":"A","678":"A","679":"C","680":",","681":"Y","682":"A","683":"A","684":"Y","685":",","686":"G","687":"A","688":"A","689":"G","690":",","691":"C","692":"A","693":"A","694":"C","695":",","696":"I","697":"A","698":"A","699":"I","700":",","701":"I","702":"A","703":"A","704":"I","705":",","706":"C","707":"A","708":"A","709":"C","710":",","711":"M","712":"A","713":"A","714":"M","715":",","716":"C","717":"A","718":"A","719":"C","720":",","721":"M","722":"A","723":"A","724":"M","725":";","726":"I","727":"A","728":"C","729":"l","730":"E","731":",","732":"C","733":"A","734":"A","735":"C","736":";","737":"I","738":"A","739":"C","740":"D","741":",","742":"S","743":"A","744":"A","745":"S","746":",","747":"G","748":"A","749":"A","750":"G","751":";","752":"M","753":"A","754":"C","755":"V","756":",","757":"M","758":"A","759":"A","760":"M","761":",","762":"S","763":"A","764":"A","765":"S","766":",","767":"G","768":"A","769":"A","770":"G","771":",","772":"I","773":"A","774":"A","775":"I","776":",","777":"C","778":"A","779":"A","780":"C","781":",","782":"K","783":"A","784":"A","785":"K","786":",","787":"C","788":"A","789":"A","790":"C","791":",","792":"i","793":"B","794":"A","795":"A","796":"i","797":"B","798":";","799":"M","800":"A","801":"C","802":"9","803":"C","804":",","805":"I","806":"A","807":"A","808":"I","809":",","810":"C","811":"A","812":"A","813":"C","814":",","815":"I","816":"A","817":"A","818":"I","819":",","820":"C","821":"A","822":"A","823":"C","824":",","825":"M","826":"A","827":"A","828":"M","829":",","830":"I","831":"A","832":"A","833":"I","834":",","835":"I","836":"A","837":"A","838":"I","839":",","840":"C","841":"A","842":"A","843":"C","844":",","845":"M","846":"A","847":"A","848":"M","849":",","850":"C","851":"A","852":"A","853":"C","854":",","855":"M","856":"A","857":"A","858":"M","859":",","860":"K","861":"A","862":"A","863":"K","864":",","865":"C","866":"A","867":"A","868":"C","869":",","870":"E","871":"A","872":"A","873":"E","874":",","875":"O","876":"A","877":"A","878":"O","879":",","880":"C","881":"A","882":"A","883":"C","884":";","885":"M","886":"A","887":"C","888":"t","889":"D","890":",","891":"a","892":"A","893":"A","894":"I","895":",","896":"C","897":"A","898":"A","899":"C","900":",","901":"E","902":"A","903":"A","904":"E","905":",","906":"C","907":"A","908":"A","909":"C","910":",","911":"S","912":"A","913":"A","914":"S","915":",","916":"E","917":"A","918":"A","919":"E","920":";","921":"Q","922":"A","923":"C","924":"j","925":"B","926":",","927":"C","928":"A","929":"A","930":"C","931":",","932":"E","933":"A","934":"A","935":"E","936":",","937":"I","938":"A","939":"A","940":"I","941":",","942":"C","943":"A","944":"A","945":"C","946":",","947":"I","948":"A","949":"A","950":"I","951":",","952":"C","953":"A","954":"A","955":"C","956":",","957":"Y","958":"A","959":"A","960":"Y","961":",","962":"G","963":"A","964":"A","965":"G","966":",","967":"C","968":"A","969":"A","970":"C","971":",","972":"G","973":"A","974":"A","975":"G","976":",","977":"I","978":"A","979":"A","980":"I","981":",","982":"C","983":"A","984":"A","985":"C","986":",","987":"M","988":"A","989":"A","990":"M","991":",","992":"C","993":"A","994":"A","995":"C","996":",","997":"M","998":"A","999":"A","1000":"M","1001":",","1002":"I","1003":"A","1004":"A","1005":"I","1006":",","1007":"I","1008":"A","1009":"A","1010":"I","1011":",","1012":"C","1013":"A","1014":"A","1015":"C","1016":",","1017":"M","1018":"A","1019":"A","1020":"M","1021":",","1022":"C","1023":"A","1024":"A","1025":"C","1026":",","1027":"M","1028":"A","1029":"A","1030":"M","1031":",","1032":"G","1033":"A","1034":"A","1035":"G","1036":",","1037":"G","1038":"A","1039":"A","1040":"G","1041":",","1042":"G","1043":"A","1044":"A","1045":"G","1046":";","1047":"Q","1048":"A","1049":"C","1050":"j","1051":"F","1052":",","1053":"Q","1054":"A","1055":"A","1056":"Q","1057":",","1058":"E","1059":"A","1060":"A","1061":"E","1062":",","1063":"G","1064":"A","1065":"A","1066":"G","1067":";","1068":"Q","1069":"A","1070":"C","1071":"b","1072":",","1073":"I","1074":"A","1075":"A","1076":"I","1077":",","1078":"E","1079":"A","1080":"A","1081":"E","1082":";","1083":"M","1084":"A","1085":"C","1086":"R","1087":",","1088":"C","1089":"A","1090":"A","1091":"C","1092":",","1093":"C","1094":"A","1095":"A","1096":"C","1097":";","1098":"M","1099":"A","1100":"C","1101":"F","1102":",","1103":"I","1104":"A","1105":"A","1106":"I","1107":",","1108":"C","1109":"A","1110":"A","1111":"C","1112":",","1113":"Y","1114":"A","1115":"A","1116":"Y","1117":",","1118":"G","1119":"A","1120":"A","1121":"G","1122":",","1123":"C","1124":"A","1125":"A","1126":"C","1127":",","1128":"I","1129":"A","1130":"A","1131":"I","1132":",","1133":"C","1134":"A","1135":"A","1136":"C","1137":",","1138":"Y","1139":"A","1140":"A","1141":"Y","1142":",","1143":"G","1144":"A","1145":"A","1146":"G","1147":",","1148":"C","1149":"A","1150":"A","1151":"C","1152":",","1153":"G","1154":"A","1155":"A","1156":"G","1157":",","1158":"I","1159":"A","1160":"A","1161":"I","1162":",","1163":"C","1164":"A","1165":"A","1166":"C","1167":",","1168":"M","1169":"A","1170":"A","1171":"M","1172":",","1173":"C","1174":"A","1175":"A","1176":"C","1177":",","1178":"M","1179":"A","1180":"A","1181":"M","1182":",","1183":"I","1184":"A","1185":"A","1186":"I","1187":",","1188":"I","1189":"A","1190":"A","1191":"I","1192":",","1193":"C","1194":"A","1195":"A","1196":"C","1197":",","1198":"M","1199":"A","1200":"A","1201":"M","1202":",","1203":"C","1204":"A","1205":"A","1206":"C","1207":",","1208":"M","1209":"A","1210":"A","1211":"M","1212":";","1213":"I","1214":"A","1215":"C","1216":"v","1217":"F","1218":",","1219":"C","1220":"A","1221":"A","1222":"C","1223":";","1224":"I","1225":"A","1226":"C","1227":"D","1228":",","1229":"a","1230":"A","1231":"A","1232":"a","1233":",","1234":"G","1235":"A","1236":"A","1237":"G","1238":";","1239":"M","1240":"A","1241":"C","1242":"d","1243":",","1244":"I","1245":"A","1246":"A","1247":"I","1248":",","1249":"I","1250":"A","1251":"A","1252":"I","1253":",","1254":"C","1255":"A","1256":"A","1257":"C","1258":",","1259":"Q","1260":"A","1261":"A","1262":"Q","1263":",","1264":"E","1265":"A","1266":"A","1267":"E","1268":";","1269":"Q","1270":"A","1271":"C","1272":"j","1273":"B","1274":",","1275":"I","1276":"A","1277":"A","1278":"I","1279":",","1280":"C","1281":"A","1282":"A","1283":"C","1284":",","1285":"a","1286":"A","1287":"A","1288":"a","1289":",","1290":"G","1291":"A","1292":"A","1293":"G","1294":",","1295":"W","1296":"A","1297":"A","1298":"W","1299":",","1300":"C","1301":"A","1302":"A","1303":"C","1304":",","1305":"I","1306":"A","1307":"A","1308":"I","1309":",","1310":"C","1311":"A","1312":"A","1313":"C","1314":",","1315":"S","1316":"A","1317":"A","1318":"S","1319":",","1320":"E","1321":"A","1322":"A","1323":"E","1324":",","1325":"I","1326":"A","1327":"A","1328":"I","1329":",","1330":"C","1331":"A","1332":"A","1333":"C","1334":",","1335":"Q","1336":"A","1337":"A","1338":"Q","1339":",","1340":"C","1341":"A","1342":"A","1343":"C","1344":";","1345":"M","1346":"A","1347":"C","1348":"j","1349":"E","1350":";","1351":"I","1352":"A","1353":"C","1354":"F","1355":",","1356":"C","1357":"A","1358":"A","1359":"C","1360":";","1361":"I","1362":"A","1363":"C","1364":"D","1365":",","1366":"Y","1367":"A","1368":"A","1369":"Y","1370":",","1371":"G","1372":"A","1373":"A","1374":"G","1375":";","1376":"M","1377":"A","1378":"C","1379":"b","1380":",","1381":"I","1382":"A","1383":"A","1384":"I","1385":",","1386":"I","1387":"A","1388":"A","1389":"I","1390":",","1391":"C","1392":"A","1393":"A","1394":"C","1395":",","1396":"a","1397":"A","1398":"A","1399":"a","1400":",","1401":"E","1402":"A","1403":"A","1404":"E","1405":";","1406":"Q","1407":"A","1408":"C","1409":"t","1410":"B","1411":",","1412":"a","1413":"A","1414":"A","1415":"a","1416":",","1417":"C","1418":"A","1419":"A","1420":"C","1421":",","1422":"I","1423":"A","1424":"A","1425":"I","1426":",","1427":"C","1428":"A","1429":"A","1430":"C","1431":",","1432":"a","1433":"A","1434":"A","1435":"a","1436":",","1437":"C","1438":"A","1439":"A","1440":"C","1441":";","1442":"Q","1443":"A","1444":"C","1445":"j","1446":"C","1447":",","1448":"I","1449":"A","1450":"A","1451":"I","1452":",","1453":"C","1454":"A","1455":"A","1456":"C","1457":",","1458":"a","1459":"A","1460":"A","1461":"a","1462":",","1463":"G","1464":"A","1465":"A","1466":"G","1467":",","1468":"I","1469":"A","1470":"A","1471":"I","1472":";","1473":"M","1474":"A","1475":"C","1476":"3","1477":"B","1478":";","1479":"I","1480":"A","1481":"C","1482":"F","1483":";","1484":"E","1485":"A","1486":"C","1487":"F","1488":",","1489":"C","1490":"A","1491":"A","1492":"C","1493":";","1494":"E","1495":"A","1496":"C","1497":"D","1498":",","1499":"O","1500":"A","1501":"A","1502":"O","1503":",","1504":"G","1505":"A","1506":"A","1507":"G","1508":";","1509":"I","1510":"A","1511":"C","1512":"R","1513":",","1514":"I","1515":"A","1516":"A","1517":"I","1518":",","1519":"C","1520":"A","1521":"A","1522":"C","1523":",","1524":"a","1525":"A","1526":"A","1527":"a","1528":",","1529":"C","1530":"A","1531":"A","1532":"C","1533":",","1534":"C","1535":"A","1536":"A","1537":"C","1538":";","1539":"E","1540":"A","1541":"C","1542":"t","1543":"B","1544":",","1545":"C","1546":"A","1547":"A","1548":"C","1549":";","1550":"E","1551":"A","1552":"C","1553":"D","1554":",","1555":"a","1556":"A","1557":"A","1558":"a","1559":",","1560":"G","1561":"A","1562":"A","1563":"G","1564":";","1565":"I","1566":"A","1567":"C","1568":"d","1569":",","1570":"I","1571":"A","1572":"A","1573":"I","1574":",","1575":"C","1576":"A","1577":"A","1578":"C","1579":",","1580":"Y","1581":"A","1582":"A","1583":"Y","1584":",","1585":"C","1586":"A","1587":"A","1588":"C","1589":",","1590":"C","1591":"A","1592":"A","1593":"C","1594":";","1595":"E","1596":"A","1597":"C","1598":"r","1599":"B","1600":";","1601":"A","1602":"A","1603":"C","1604":"F","1605":",","1606":"C","1607":"A","1608":"A","1609":"C","1610":"\"","1611":",","1612":"\"","1613":"f","1614":"i","1615":"l","1616":"e","1617":"\"","1618":":","1619":"\"","1620":"/","1621":"w","1622":"o","1623":"r","1624":"k","1625":"s","1626":"p","1627":"a","1628":"c","1629":"e","1630":"/","1631":"P","1632":"a","1633":"n","1634":"C","1635":"a","1636":"n","1637":"c","1638":"e","1639":"r","1640":"A","1641":"w","1642":"a","1643":"r","1644":"e","1645":"A","1646":"p","1647":"p","1648":"/","1649":"f","1650":"r","1651":"o","1652":"n","1653":"t","1654":"e","1655":"n","1656":"d","1657":"/","1658":"s","1659":"r","1660":"c","1661":"/","1662":"c","1663":"o","1664":"m","1665":"p","1666":"o","1667":"n","1668":"e","1669":"n","1670":"t","1671":"s","1672":"/","1673":"c","1674":"o","1675":"m","1676":"m","1677":"o","1678":"n","1679":"/","1680":"C","1681":"a","1682":"r","1683":"o","1684":"u","1685":"s","1686":"e","1687":"l","1688":".","1689":"v","1690":"u","1691":"e","1692":"\"","1693":",","1694":"\"","1695":"s","1696":"o","1697":"u","1698":"r","1699":"c","1700":"e","1701":"s","1702":"C","1703":"o","1704":"n","1705":"t","1706":"e","1707":"n","1708":"t","1709":"\"","1710":":","1711":"[","1712":"\"","1713":"<","1714":"t","1715":"e","1716":"m","1717":"p","1718":"l","1719":"a","1720":"t","1721":"e","1722":">","1723":"\\","1724":"n","1725":" ","1726":" ","1727":"<","1728":"d","1729":"i","1730":"v","1731":" ","1732":"c","1733":"l","1734":"a","1735":"s","1736":"s","1737":"=","1738":"\\","1739":"\"","1740":"c","1741":"a","1742":"r","1743":"o","1744":"u","1745":"s","1746":"e","1747":"l","1748":"\\","1749":"\"","1750":" ","1751":"r","1752":"e","1753":"f","1754":"=","1755":"\\","1756":"\"","1757":"c","1758":"a","1759":"r","1760":"o","1761":"u","1762":"s","1763":"e","1764":"l","1765":"\\","1766":"\"","1767":">","1768":"\\","1769":"n","1770":" ","1771":" ","1772":" ","1773":" ","1774":"<","1775":"d","1776":"i","1777":"v","1778":" ","1779":"c","1780":"l","1781":"a","1782":"s","1783":"s","1784":"=","1785":"\\","1786":"\"","1787":"c","1788":"a","1789":"r","1790":"o","1791":"u","1792":"s","1793":"e","1794":"l","1795":"-","1796":"c","1797":"o","1798":"n","1799":"t","1800":"a","1801":"i","1802":"n","1803":"e","1804":"r","1805":"\\","1806":"\"","1807":" ","1808":"r","1809":"e","1810":"f","1811":"=","1812":"\\","1813":"\"","1814":"c","1815":"a","1816":"r","1817":"o","1818":"u","1819":"s","1820":"e","1821":"l","1822":"C","1823":"o","1824":"n","1825":"t","1826":"a","1827":"i","1828":"n","1829":"e","1830":"r","1831":"\\","1832":"\"","1833":" ","1834":":","1835":"s","1836":"t","1837":"y","1838":"l","1839":"e","1840":"=","1841":"\\","1842":"\"","1843":"{","1844":" ","1845":"t","1846":"r","1847":"a","1848":"n","1849":"s","1850":"f","1851":"o","1852":"r","1853":"m","1854":":","1855":" ","1856":"`","1857":"t","1858":"r","1859":"a","1860":"n","1861":"s","1862":"l","1863":"a","1864":"t","1865":"e","1866":"X","1867":"(","1868":"-","1869":"$","1870":"{","1871":"c","1872":"u","1873":"r","1874":"r","1875":"e","1876":"n","1877":"t","1878":"S","1879":"l","1880":"i","1881":"d","1882":"e","1883":" ","1884":"*","1885":" ","1886":"1","1887":"0","1888":"0","1889":"}","1890":"%","1891":")","1892":"`","1893":" ","1894":"}","1895":"\\","1896":"\"","1897":">","1898":"\\","1899":"n","1900":" ","1901":" ","1902":" ","1903":" ","1904":" ","1905":" ","1906":"<","1907":"d","1908":"i","1909":"v","1910":" ","1911":"c","1912":"l","1913":"a","1914":"s","1915":"s","1916":"=","1917":"\\","1918":"\"","1919":"c","1920":"a","1921":"r","1922":"o","1923":"u","1924":"s","1925":"e","1926":"l","1927":"-","1928":"s","1929":"l","1930":"i","1931":"d","1932":"e","1933":"\\","1934":"\"","1935":" ","1936":"v","1937":"-","1938":"f","1939":"o","1940":"r","1941":"=","1942":"\\","1943":"\"","1944":"(","1945":"s","1946":"l","1947":"i","1948":"d","1949":"e","1950":",","1951":" ","1952":"i","1953":"n","1954":"d","1955":"e","1956":"x","1957":")"
[...]
:0,"16":0,"17":0,"18":0,"19":0,"20":0,"21":0,"22":0,"23":0},"f":{"0":0,"1":0,"2":0,"3":0,"4":0},"b":{"0":[0,0],"1":[0,0]},"inputSourceMap":{"0":"{","1":"\"","2":"v","3":"e","4":"r","5":"s","6":"i","7":"o","8":"n","9":"\"","10":":","11":"3","12":",","13":"\"","14":"s","15":"o","16":"u","17":"r","18":"c","19":"e","20":"s","21":"\"","22":":","23":"[","24":"\"","25":"/","26":"w","27":"o","28":"r","29":"k","30":"s","31":"p","32":"a","33":"c","34":"e","35":"/","36":"P","37":"a","38":"n","39":"C","40":"a","41":"n","42":"c","43":"e","44":"r","45":"A","46":"w","47":"a","48":"r","49":"e","50":"A","51":"p","52":"p","53":"/","54":"f","55":"r","56":"o","57":"n","58":"t","59":"e","60":"n","61":"d","62":"/","63":"s","64":"r","65":"c","66":"/","67":"v","68":"i","69":"e","70":"w","71":"s","72":"/","73":"R","74":"e","75":"s","76":"e","77":"a","78":"r","79":"c","80":"h","81":".","82":"v","83":"u","84":"e","85":"\"","86":"]","87":",","88":"\"","89":"n","90":"a","91":"m","92":"e","93":"s","94":"\"","95":":","96":"[","97":"]","98":",","99":"\"","100":"m","101":"a","102":"p","103":"p","104":"i","105":"n","106":"g","107":"s","108":"\"","109":":","110":"\"","111":";","112":";","113":";","114":";","115":";","116":";","117":";","118":"A","119":"A","120":"i","121":"B","122":"A","123":";","124":"A","125":"A","126":"C","127":"A","128":";","129":"A","130":"A","131":"C","132":"A","133":";","134":"A","135":"A","136":"A","137":"+","138":"C","139":",","140":"i","141":"C","142":"A","143":"E","144":"h","145":"C","146":";","147":"E","148":"A","149":"C","150":"b","151":",","152":"U","153":"A","154":"A","155":"U","156":",","157":"E","158":"A","159":"A","160":"E","161":";","162":"I","163":"A","164":"A","165":"E","166":",","167":"M","168":"A","169":"A","170":"M","171":",","172":"E","173":"A","174":"A","175":"N","176":",","177":"e","178":"A","179":"A","180":"M","181":";","182":"I","183":"A","184":"A","185":"E","186":",","187":"O","188":"A","189":"A","190":"O","191":",","192":"E","193":"A","194":"A","195":"P","196":";","197":"E","198":"A","199":"A","200":"Q","201":",","202":"C","203":"A","204":"A","205":"C","206":";","207":"E","208":"A","209":"C","210":"/","211":"B","212":",","213":"K","214":"A","215":"A","216":"K","217":",","218":"G","219":"A","220":"A","221":"G","222":";","223":"I","224":"A","225":"C","226":"N","227":",","228":"M","229":"A","230":"A","231":"M","232":";","233":"M","234":"A","235":"A","236":"E","237":",","238":"I","239":"A","240":"A","241":"I","242":",","243":"E","244":"A","245":"A","246":"E","247":",","248":"Q","249":"A","250":"A","251":"Q","252":";","253":"M","254":"A","255":"A","256":"E","257":",","258":"O","259":"A","260":"A","261":"O","262":";","263":"M","264":"A","265":"A","266":"E","267":";","268":"I","269":"A","270":"A","271":"U","272":",","273":"C","274":"A","275":"A","276":"C","277":",","278":"G","279":"A","280":"A","281":"G","282":",","283":"k","284":"B","285":"A","286":"A","287":"M","288":",","289":"E","290":"A","291":"A","292":"C","293":",","294":"W","295":"A","296":"A","297":"W","298":",","299":"C","300":"A","301":"A","302":"C","303":";","304":"I","305":"A","306":"C","307":"l","308":"E","309":",","310":"S","311":"A","312":"A","313":"S","314":",","315":"C","316":"A","317":"A","318":"C","319":",","320":"C","321":"A","322":"A","323":"C","324":";","325":"I","326":"A","327":"C","328":"X","329":",","330":"O","331":"A","332":"A","333":"O","334":";","335":"M","336":"A","337":"A","338":"E","339":",","340":"Q","341":"A","342":"A","343":"Q","344":";","345":"M","346":"A","347":"A","348":"E","349":";","350":"I","351":"A","352":"A","353":"Q","354":",","355":"C","356":"A","357":"A","358":"C","359":";","360":"E","361":"A","362":"C","363":"9","364":"B","365":",","366":"C","367":"A","368":"A","369":"C","370":";","371":"E","372":"A","373":"C","374":"D","375":",","376":"O","377":"A","378":"A","379":"O","380":",","381":"E","382":"A","383":"A","384":"E","385":";","386":"I","387":"A","388":"C","389":"P","390":",","391":"Q","392":"A","393":"A","394":"Q","395":",","396":"C","397":"A","398":"A","399":"C","400":",","401":"I","402":"A","403":"A","404":"I","405":",","406":"E","407":"A","408":"A","409":"E","410":";","411":"M","412":"A","413":"C","414":"b","415":",","416":"M","417":"A","418":"A","419":"M","420":",","421":"C","422":"A","423":"A","424":"C","425":",","426":"I","427":"A","428":"A","429":"I","430":",","431":"C","432":"A","433":"A","434":"C","435":",","436":"I","437":"A","438":"A","439":"I","440":",","441":"E","442":"A","443":"A","444":"E","445":",","446":"Q","447":"A","448":"A","449":"Q","450":",","451":"C","452":"A","453":"A","454":"C","455":";","456":"I","457":"A","458":"C","459":"7","460":"B","461":";","462":"E","463":"A","464":"C","465":"F","466":";","467":"A","468":"A","469":"C","470":"F","471":",","472":"C","473":"A","474":"A","475":"C","476":"\"","477":",","478":"\"","479":"f","480":"i","481":"l","482":"e","483":"\"","484":":","485":"\"","486":"/","487":"w","488":"o","489":"r","490":"k","491":"s","492":"p","493":"a","494":"c","495":"e","496":"/","497":"P","498":"a","499":"n","500":"C","501":"a","502":"n","503":"c","504":"e","505":"r","506":"A","507":"w","508":"a","509":"r","510":"e","511":"A","512":"p","513":"p","514":"/","515":"f","516":"r","517":"o","518":"n","519":"t","520":"e","521":"n","522":"d","523":"/","524":"s","525":"r","526":"c","527":"/","528":"v","529":"i","530":"e","531":"w","532":"s","533":"/","534":"R","535":"e","536":"s","537":"e","538":"a","539":"r","540":"c","541":"h","542":".","543":"v","544":"u","545":"e","546":"\"","547":",","548":"\"","549":"s","550":"o","551":"u","552":"r","553":"c","554":"e","555":"s","556":"C","557":"o","558":"n","559":"t","560":"e","561":"n","562":"t","563":"\"","564":":","565":"[","566":"\"","567":"<","568":"t","569":"e","570":"m","571":"p","572":"l","573":"a","574":"t","575":"e","576":">","577":"\\","578":"n","579":" ","580":" ","581":"<","582":"d","583":"i","584":"v","585":" ","586":"c","587":"l","588":"a","589":"s","590":"s","591":"=","592":"\\","593":"\"","594":"r","595":"e","596":"s","597":"e","598":"a","599":"r","600":"c","601":"h","602":"\\","603":"\"","604":">","605":"\\","606":"n","607":" ","608":" ","609":" ","610":" ","611":"<","612":"h","613":"1","614":">","615":"R","616":"e","617":"s","618":"e","619":"a","620":"r","621":"c","622":"h","623":" ","624":"I","625":"n","626":"s","627":"i","628":"g","629":"h","630":"t","631":"s","632":"<","633":"/","634":"h","635":"1","636":">","637":"\\","638":"n","639":" ","640":" ","641":" ","642":" ","643":"<","644":"d","645":"i","646":"v","647":" ","648":"v","649":"-","650":"i","651":"f","652":"=","653":"\\","654":"\"","655":"l","656":"o","657":"a","658":"d","659":"i","660":"n","661":"g","662":"\\","663":"\"","664":">","665":"\\","666":"n","667":" ","668":" ","669":" ","670":" ","671":" ","672":" ","673":"<","674":"S","675":"p","676":"i","677":"n","678":"n","679":"e","680":"r","681":" ","682":"/","683":">","684":"\\","685":"n","686":" ","687":" ","688":" ","689":" ","690":"<","691":"/","692":"d","693":"i","694":"v","695":">","696":"\\","697":"n","698":" ","699":" ","700":" ","701":" ","702":"<","703":"d","704":"i","705":"v","706":" ","707":"v","708":"-","709":"e","710":"l","711":"s","712":"e","713":" ","714":"c","715":"l","716":"a","717":"s","718":"s","719":"=","720":"\\","721":"\"","722":"r","723":"e","724":"s","725":"e","726":"a","727":"r","728":"c","729":"h","730":"-","731":"g","732":"r","733":"i","734":"d","735":"\\","736":"\"","737":">","738":"\\","739":"n","740":" ","741":" ","742":" ","743":" ","744":" ","745":" ","746":"<","747":"d","748":"i","749":"v","750":" ","751":"v","752":"-","753":"f","754":"o","755":"r","756":"=","757":"\\","758":"\"","759":"a","760":"r","761":"t","762":"i","763":"c","764":"l","765":"e","766":" ","767":"i","768":"n","769":" ","770":"a","771":"r","772":"t","773":"i","774":"c","775":"l","776":"e","777":"s","778":"\\","779":"\"","780":" ","781":":","782":"k","783":"e","784":"y","785":"=","786":"\\","787":"\"","788":"a","789":"r","790":"t","791":"i","792":"c","793":"l","794":"e","795":".","796":"i","797":"d","798":"\\","799":"\"","800":" ","801":"c","802":"l","803":"a","804":"s","805":"s","806":"=","807":"\\","808":"\"","809":"r","810":"e","811":"s","812":"e","813":"a","814":"r","815":"c","816":"h","817":"-","818":"c","819":"a","820":"r","821":"d","822":"\\","823":"\"","824":">","825":"\\","826":"n","827":" ","828":" ","829":" ","830":" ","831":" ","832":" ","833":" ","834":" ","835":"<","836":"h","837":"2","838":">","839":"{","840":"{","841":" ","842":"a","843":"r","844":"t","845":"i","846":"c","847":"l","848":"e","849":".","850":"t","851":"i","852":"t","853":"l","854":"e","855":" ","856":"}","857":"}","858":"<","859":"/","860":"h","861":"2","862":">","863":"\\","864":"n","865":" ","866":" ","867":" ","868":" ","869":" ","870":" ","871":" ","872":" ","873":"<","874":"p","875":">","876":"{","877":"{","878":" ","879":"a","880":"r","881":"t","882":"i","883":"c","884":"l","885":"e","886":".","887":"s","888":"u","889":"m","890":"m","891":"a","892":"r","893":"y","894":" ","895":"}","896":"}","897":"<","898":"/","899":"p","900":">","901":"\\","902":"n","903":" ","904":" ","905":" ","906":" ","907":" ","908":" ","909":" ","910":" ","911":"<","912":"B","913":"u","914":"t","915":"t","916":"o","917":"n","918":" ","919":"l","920":"a","921":"b","922":"e","923":"l","924":"=","925":"\\","926":"\"","927":"R","928":"e","929":"a","930":"d","931":" ","932":"M","933":"o","934":"r","935":"e","936":"\\","937":"\"","938":" ","939":"t","940":"y","941":"p","942":"e","943":"=","944":"\\","945":"\"","946":"p","947":"r","948":"i","949":"m","950":"a","951":"r","952":"y","953":"\\","954":"\"","955":" ","956":"@","957":"c","958":"l","959":"i","960":"c","961":"k","962":"=","963":"\\","964":"\"","965":"r","966":"e","967":"a","968":"d","969":"M","970":"o","971":"r","972":"e","973":"(","974":"a","975":"r","976":"t","977":"i","978":"c","979":"l","980":"e","981":".","982":"l","983":"i","984":"n","985":"k","986":")","987":"\\","988":"\"","989":" ","990":"/","991":">","992":"\\","993":"n","994":" ","995":" ","996":" ","997":" ","998":" ","999":" ","1000":"<","1001":"/","1002":"d","1003":"i","1004":"v","1005":">","1006":"\\","1007":"n","1008":" ","1009":" ","1010":" ","1011":" ","1012":"<","1013":"/","1014":"d","1015":"i","1016":"v","1017":">","1018":"\\","1019":"n","1020":" ","1021":" ","1022":"<","1023":"/","1024":"d","1025":"i","1026":"v","1027":">","1028":"\\","1029":"n","1030":"<","1031":"/","1032":"t","1033":"e","1034":"m","1035":"p","1036":"l","1037":"a","1038":"t","1039":"e","1040":">","1041":"\\","1042":"n","1043":"\\","1044":"n","1045":"<","1046":"s","1047":"c","1048":"r","1049":"i","1050":"p","1051":"t","1052":">","1053":"\\","1054":"n","1055":"i","1056":"m","1057":"p","1058":"o","1059":"r","1060":"t","1061":" ","1062":"B","1063":"u","1064":"t","1065":"t","1066":"o","1067":"n","1068":" ","1069":"f","1070":"r","1071":"o","1072":"m","1073":" ","1074":"\\","1075":"\"","1076":".","1077":".","1078":"/","1079":"c","1080":"o","1081":"m","1082":"p","1083":"o","1084":"n","1085":"e","1086":"n","1087":"t","1088":"s","1089":"/","1090":"c","1091":"o","1092":"m","1093":"m","1094":"o","1095":"n","1096":"/","1097":"B","1098":"u","1099":"t","1100":"t","1101":"o","1102":"n","1103":".","1104":"v","1105":"u","1106":"e","1107":"\\","1108":"\"","1109":";","1110":"\\","1111":"n","1112":"i","1113":"m","1114":"p","1115":"o","1116":"r","1117":"t","1118":" ","1119":"S","1120":"p","1121":"i","1122":"n","1123":"n","1124":"e","1125":"r","1126":" ","1127":"f","1128":"r","1129":"o","1130":"m","1131":" ","1132":"\\","1133":"\"","1134":".","1135":".","1136":"/","1137":"c","1138":"o","1139":"m","1140":"p","1141":"o","1142":"n","1143":"e","1144":"n","1145":"t","1146":"s","1147":"/","1148":"c","1149":"o","1150":"m","1151":"m","1152":"o","1153":"n","1154":"/","1155":"S","1156":"p","1157":"i","1158":"n","1159":"n","1160":"e","1161":"r","1162":".","1163":"v","1164":"u","1165":"e","1166":"\\","1167":"\"","1168":";","1169":"\\","1170":"n","1171":"i","1172":"m","1173":"p","1174":"o","1175":"r","1176":"t","1177":" ","1178":"{","1179":" ","1180":"u","1181":"s","1182":"e","1183":"A","1184":"p","1185":"i","1186":" ","1187":"}","1188":" ","1189":"f","1190":"r","1191":"o","1192":"m","1193":" ","1194":"\\","1195":"\"","1196":".","1197":".","1198":"/","1199":"c","1200":"o","1201":"m","1202":"p","1203":"o","1204":"s","1205":"a","1206":"b","1207":"l","1208":"e","1209":"s","1210":"/","1211":"u","1212":"s","1213":"e","1214":"A","1215":"p","1216":"i","1217":"\\","1218":"\"","1219":";","1220":"\\","1221":"n","1222":"\\","1223":"n","1224":"e","1225":"x","1226":"p","1227":"o","1228":"r","1229":"t","1230":" ","1231":"d","1232":"e","1233":"f","1234":"a","1235":"u","1236":"l","1237":"t","1238":" ","1239":"{","1240":"\\","1241":"n","1242":" ","1243":" ","1244":"c","1245":"o","1246":"m","1247":"p","1248":"o","1249":"n","1250":"e","1251":"n","1252":"t","1253":"s","1254":":","1255":" ","1256":"{","1257":" ","1258":"B","1259":"u","1260":"t","1261":"t","1262":"o","1263":"n","1264":",","1265":" ","1266":"S","1267":"p","1268":"i","1269":"n","1270":"n","1271":"e","1272":"r","1273":" ","1274":"}","1275":",","1276":"\\","1277":"n","1278":" ","1279":" ","1280":"s","1281":"e","1282":"t","1283":"u","1284":"p","1285":"(","1286":")","1287":" ","1288":"{","1289":"\\","1290":"n","1291":" ","1292":" ","1293":" ","1294":" ","1295":"c","1296":"o","1297":"n","1298":"s","1299":"t","1300":" ","1301":"{","1302":" ","1303":"d","1304":"a","1305":"t","1306":"a","1307":":","1308":" ","1309":"a","1310":"r","1311":"t","1312":"i","1313":"c","1314":"l","1315":"e","1316":"s","1317":",","1318":" ","1319":"l","1320":"o","1321":"a","1322":"d","1323":"i","1324":"n","1325":"g","1326":",","1327":" ","1328":"f","1329":"e","1330":"t","1331":"c","1332":"h","1333":"D","1334":"a","1335":"t","1336":"a","1337":" ","1338":"}","1339":" ","1340":"=","1341":" ","1342":"u","1343":"s","1344":"e","1345":"A","1346":"p","1347":"i","1348":"(","1349":"\\","1350":"\"","1351":"/","1352":"r","1353":"e","1354":"s","1355":"e","1356":"a","1357":"r","1358":"c","1359":"h","1360":"\\","1361":"\"","1362":")","1363":";","1364":"\\","1365":"n","1366":" ","1367":" ","1368":" ","1369":" ","1370":"f","1371":"e","1372":"t","1373":"c","1374":"h","1375":"D","1376":"a","1377":"t","1378":"a","1379":"(","1380":")","1381":";","1382":"\\","1383":"n","1384":" ","1385":" ","1386":" ","1387":" ","1388":"r","1389":"e","1390":"t","1391":"u","1392":"r","1393":"n","1394":" ","1395":"{","1396":" ","1397":"a","1398":"r","1399":"t","1400":"i","1401":"c","1402":"l","1403":"e","1404":"s","1405":",","1406":" ","1407":"l","1408":"o","1409":"a","1410":"d","1411":"i","1412":"n","1413":"g","1414":" ","1415":"}","1416":";","1417":"\\","1418":"n","1419":" ","1420":" ","1421":"}","1422":",","1423":"\\","1424":"n","1425":" ","1426":" ","1427":"m","1428":"e","1429":"t","1430":"h","1431":"o","1432":"d","1433":"s","1434":":","1435":" ","1436":"{","1437":"\\","1438":"n","1439":" ","1440":" ","1441":" ","1442":" ","1443":"r","1444":"e","1445":"a","1446":"d","1447":"M","1448":"o","1449":"r","1450":"e","1451":"(","1452":"l","1453":"i","1454":"n","1455":"k","1456":")","1457":" ","1458":"{","1459":"\\","1460":"n","1461":" ","1462":" ","1463":" ","1464":" ","1465":" ","1466":" ","1467":"w","1468":"i","1469":"n","1470":"d","1471":"o","1472":"w","1473":".","1474":"o","1475":"p","1476":"e","1477":"n","1478":"(","1479":"l","1480":"i","1481":"n","1482":"k","1483":",","1484":" ","1485":"\\","1486":"\"","1487":"_","1488":"b","1489":"l","1490":"a","1491":"n","1492":"k","1493":"\\","1494":"\"","1495":")","1496":";","1497":"\\","1498":"n","1499":" ","1500":" ","1501":" ","1502":" ","1503":"}","1504":",","1505":"\\","1506":"n","1507":" ","1508":" ","1509":"}","1510":",","1511":"\\","1512":"n","1513":"}","1514":";","1515":"\\","1516":"n","1517":"<","1518":"/","1519":"s","1520":"c","1521":"r","1522":"i","1523":"p","1524":"t","1525":">","1526":"\\","1527":"n","1528":"\\","1529":"n","1530":"<","1531":"s","1532":"t","1533":"y","1534":"l","1535":"e","1536":" ","1537":"s","1538":"c","1539":"o","1540":"p","1541":"e","1542":"d","1543":">","1544":"\\","1545":"n","1546":".","1547":"r","1548":"e","1549":"s","1550":"e","1551":"a","1552":"r","1553":"c","1554":"h","1555":" ","1556":"{","1557":"\\","1558":"n","1559":" ","1560":" ","1561":"t","1562":"e","1563":"x","1564":"t","1565":"-","1566":"a","1567":"l","1568":"i","1569":"g","1570":"n","1571":":","1572":" ","1573":"c","1574":"e","1575":"n","1576":"t","1577":"e","1578":"r","1579":";","1580":"\\","1581":"n","1582":"}","1583":"\\","1584":"n","1585":"\\","1586":"n","1587":".","1588":"r","1589":"e","1590":"s","1591":"e","1592":"a","1593":"r","1594":"c","1595":"h","1596":"-","1597":"g","1598":"r","1599":"i","1600":"d","1601":" ","1602":"{","1603":"\\","1604":"n","1605":" ","1606":" ","1607":"d","1608":"i","1609":"s","1610":"p","1611":"l","1612":"a","1613":"y","1614":":","1615":" ","1616":"g","1617":"r","1618":"i","1619":"d","1620":";","1621":"\\","1622":"n","1623":" ","1624":" ","1625":"g","1626":"r","1627":"i","1628":"d","1629":"-","1630":"t","1631":"e","1632":"m","1633":"p","1634":"l","1635":"a","1636":"t","1637":"e","1638":"-","1639":"c","1640":"o","1641":"l","1642":"u","1643":"m","1644":"n","1645":"s","1646":":","1647":" ","1648":"r","1649":"e","1650":"p","1651":"e","1652":"a","1653":"t","1654":"(","1655":"a","1656":"u","1657":"t","1658":"o","1659":"-","1660":"f","1661":"i","1662":"t","1663":",","1664":" ","1665":"m","1666":"i","1667":"n","1668":"m","1669":"a","1670":"x","1671":"(","1672":"3","1673":"0","1674":"0","1675":"p","1676":"x","1677":",","1678":" ","1679":"1","1680":"f","1681":"r","1682":")","1683":")","1684":";","1685":"\\","1686":"n","1687":" ","1688":" ","1689":"g","1690":"a","1691":"p","1692":":","1693":" ","1694":"2","1695":"0","1696":"p","1697":"x","1698":";","1699":"\\","1700":"n","1701":" ","1702":" ","1703":"m","1704":"a","1705":"r","1706":"g","1707":"i","1708":"n","1709":"-","1710":"t","1711":"o","1712":"p","1713":":","1714":" ","1715":"2","1716":"0","1717":"p","1718":"x","1719":";","1720":"\\","1721":"n","1722":"}","1723":"\\","1724":"n","1725":"\\","1726":"n","1727":".","1728":"r","1729":"e","1730":"s","1731":"e","1732":"a","1733":"r","1734":"c","1735":"h","1736":"-","1737":"c","1738":"a","1739":"r","1740":"d","1741":" ","1742":"{","1743":"\\","1744":"n","1745":" ","1746":" ","1747":"b","1748":"a","1749":"c","1750":"k","1751":"g","1752":"r","1753":"o","1754":"u","1755":"n","1756":"d","1757":":","1758":" ","1759":"#","1760":"f","1761":"4","1762":"f","1763":"6","1764":"f","1765":"8","1766":";","1767":"\\","1768":"n","1769":" ","1770":" ","1771":"b","1772":"o","1773":"r","1774":"d","1775":"e","1776":"r","1777":"-","1778":"r","1779":"a","1780":"d","1781":"i","1782":"u","1783":"s","1784":":","1785":" ","1786":"8","1787":"p","1788":"x","1789":";","1790":"\\","1791":"n","1792":" ","1793":" ","1794":"p","1795":"a","1796":"d","1797":"d","1798":"i","1799":"n","1800":"g","1801":":","1802":" ","1803":"2","1804":"0","1805":"p","1806":"x","1807":";","1808":"\\","1809":"n","1810":" ","1811":" ","1812":"t","1813":"e","1814":"x","1815":"t","1816":"-","1817":"a","1818":"l","1819":"i","1820":"g","1821":"n","1822":":","1823":" ","1824":"c","1825":"e","1826":"n","1827":"t","1828":"e","1829":"r","1830":";","1831":"\\","1832":"n","1833":" ","1834":" ","1835":"b","1836":"o","1837":"x","1838":"-","1839":"s","1840":"h","1841":"a","1842":"d","1843":"o","1844":"w","1845":":","1846":" ","1847":"0","1848":" ","1849":"4","1850":"p","1851":"x","1852":" ","1853":"6","1854":"p","1855":"x","1856":" ","1857":"r","1858":"g","1859":"b","1860":"a","1861":"(","1862":"0","1863":",","1864":" ","1865":"0","1866":",","1867":" ","1868":"0","1869":",","1870":" ","1871":"0","1872":".","1873":"1","1874":")","1875":";","1876":"\\","1877":"n","1878":"}","1879":"\\","1880":"n","1881":"<","1882":"/","1883":"s","1884":"t","1885":"y","1886":"l","1887":"e","1888":">","1889":"\\","1890":"n","1891":"\"","1892":"]","1893":"}"}}
}
